INFO Logger Running       AT 2018-09-01 15:02:56.222
INFO test 0               AT 2018-09-01 15:02:56.226,          i = 0         
INFO test 1               AT 2018-09-01 15:02:56.236,          i = 1         
INFO test 2               AT 2018-09-01 15:02:56.247,          i = 2         
INFO test 3               AT 2018-09-01 15:02:56.257,          i = 3         
INFO test 4               AT 2018-09-01 15:02:56.268,          i = 4         
INFO test 5               AT 2018-09-01 15:02:56.279,          i = 5         
INFO test 6               AT 2018-09-01 15:02:56.289,          i = 6         
INFO test 7               AT 2018-09-01 15:02:56.300,          i = 7         
INFO test 8               AT 2018-09-01 15:02:56.311,          i = 8         
INFO test 9               AT 2018-09-01 15:02:56.322,          i = 9         
INFO test 10              AT 2018-09-01 15:02:56.333,          i = 10        
INFO test 11              AT 2018-09-01 15:02:56.344,          i = 11        
INFO test 12              AT 2018-09-01 15:02:56.355,          i = 12        
INFO test 13              AT 2018-09-01 15:02:56.365,          i = 13        
INFO test 14              AT 2018-09-01 15:02:56.376,          i = 14        
INFO test 15              AT 2018-09-01 15:02:56.387,          i = 15        
INFO test 16              AT 2018-09-01 15:02:56.398,          i = 16        
INFO test 17              AT 2018-09-01 15:02:56.408,          i = 17        
INFO test 18              AT 2018-09-01 15:02:56.419,          i = 18        
INFO test 19              AT 2018-09-01 15:02:56.430,          i = 19        
INFO test 20              AT 2018-09-01 15:02:56.441,          i = 20        
INFO test 21              AT 2018-09-01 15:02:56.452,          i = 21        
INFO test 22              AT 2018-09-01 15:02:56.463,          i = 22        
INFO test 23              AT 2018-09-01 15:02:56.474,          i = 23        
INFO test 24              AT 2018-09-01 15:02:56.485,          i = 24        
INFO test 25              AT 2018-09-01 15:02:56.496,          i = 25        
INFO test 26              AT 2018-09-01 15:02:56.506,          i = 26        
INFO test 27              AT 2018-09-01 15:02:56.517,          i = 27        
INFO test 28              AT 2018-09-01 15:02:56.527,          i = 28        
INFO test 29              AT 2018-09-01 15:02:56.537,          i = 29        
INFO test 30              AT 2018-09-01 15:02:56.548,          i = 30        
INFO test 31              AT 2018-09-01 15:02:56.559,          i = 31        
INFO test 32              AT 2018-09-01 15:02:56.569,          i = 32        
INFO test 33              AT 2018-09-01 15:02:56.580,          i = 33        
INFO test 34              AT 2018-09-01 15:02:56.590,          i = 34        
INFO test 35              AT 2018-09-01 15:02:56.601,          i = 35        
INFO test 36              AT 2018-09-01 15:02:56.612,          i = 36        
INFO test 37              AT 2018-09-01 15:02:56.622,          i = 37        
INFO test 38              AT 2018-09-01 15:02:56.632,          i = 38        
INFO test 39              AT 2018-09-01 15:02:56.643,          i = 39        
INFO test 40              AT 2018-09-01 15:02:56.654,          i = 40        
INFO test 41              AT 2018-09-01 15:02:56.664,          i = 41        
INFO test 42              AT 2018-09-01 15:02:56.675,          i = 42        
INFO test 43              AT 2018-09-01 15:02:56.686,          i = 43        
INFO test 44              AT 2018-09-01 15:02:56.696,          i = 44        
INFO test 45              AT 2018-09-01 15:02:56.707,          i = 45        
INFO test 46              AT 2018-09-01 15:02:56.717,          i = 46        
INFO test 47              AT 2018-09-01 15:02:56.728,          i = 47        
INFO test 48              AT 2018-09-01 15:02:56.739,          i = 48        
INFO test 49              AT 2018-09-01 15:02:56.749,          i = 49        
INFO test 50              AT 2018-09-01 15:02:56.760,          i = 50        
INFO test 51              AT 2018-09-01 15:02:56.771,          i = 51        
INFO test 52              AT 2018-09-01 15:02:56.781,          i = 52        
INFO test 53              AT 2018-09-01 15:02:56.792,          i = 53        
INFO test 54              AT 2018-09-01 15:02:56.802,          i = 54        
INFO test 55              AT 2018-09-01 15:02:56.813,          i = 55        
INFO test 56              AT 2018-09-01 15:02:56.823,          i = 56        
INFO test 57              AT 2018-09-01 15:02:56.833,          i = 57        
INFO test 58              AT 2018-09-01 15:02:56.844,          i = 58        
INFO test 59              AT 2018-09-01 15:02:56.854,          i = 59        
INFO test 60              AT 2018-09-01 15:02:56.865,          i = 60        
INFO test 61              AT 2018-09-01 15:02:56.875,          i = 61        
INFO test 62              AT 2018-09-01 15:02:56.886,          i = 62        
INFO test 63              AT 2018-09-01 15:02:56.896,          i = 63        
INFO test 64              AT 2018-09-01 15:02:56.907,          i = 64        
INFO test 65              AT 2018-09-01 15:02:56.918,          i = 65        
INFO test 66              AT 2018-09-01 15:02:56.928,          i = 66        
INFO test 67              AT 2018-09-01 15:02:56.939,          i = 67        
INFO test 68              AT 2018-09-01 15:02:56.949,          i = 68        
INFO test 69              AT 2018-09-01 15:02:56.960,          i = 69        
INFO test 70              AT 2018-09-01 15:02:56.970,          i = 70        
INFO test 71              AT 2018-09-01 15:02:56.981,          i = 71        
INFO test 72              AT 2018-09-01 15:02:56.991,          i = 72        
INFO test 73              AT 2018-09-01 15:02:57.2  ,          i = 73        
INFO test 74              AT 2018-09-01 15:02:57.12 ,          i = 74        
INFO test 75              AT 2018-09-01 15:02:57.23 ,          i = 75        
INFO test 76              AT 2018-09-01 15:02:57.34 ,          i = 76        
INFO test 77              AT 2018-09-01 15:02:57.44 ,          i = 77        
INFO test 78              AT 2018-09-01 15:02:57.55 ,          i = 78        
INFO test 79              AT 2018-09-01 15:02:57.65 ,          i = 79        
INFO test 80              AT 2018-09-01 15:02:57.75 ,          i = 80        
INFO test 81              AT 2018-09-01 15:02:57.86 ,          i = 81        
INFO test 82              AT 2018-09-01 15:02:57.96 ,          i = 82        
INFO test 83              AT 2018-09-01 15:02:57.107,          i = 83        
INFO test 84              AT 2018-09-01 15:02:57.118,          i = 84        
INFO test 85              AT 2018-09-01 15:02:57.128,          i = 85        
INFO test 86              AT 2018-09-01 15:02:57.139,          i = 86        
INFO test 87              AT 2018-09-01 15:02:57.149,          i = 87        
INFO test 88              AT 2018-09-01 15:02:57.160,          i = 88        
INFO test 89              AT 2018-09-01 15:02:57.170,          i = 89        
INFO test 90              AT 2018-09-01 15:02:57.180,          i = 90        
INFO test 91              AT 2018-09-01 15:02:57.191,          i = 91        
INFO test 92              AT 2018-09-01 15:02:57.201,          i = 92        
INFO test 93              AT 2018-09-01 15:02:57.212,          i = 93        
INFO test 94              AT 2018-09-01 15:02:57.222,          i = 94        
INFO test 95              AT 2018-09-01 15:02:57.233,          i = 95        
INFO test 96              AT 2018-09-01 15:02:57.243,          i = 96        
INFO test 97              AT 2018-09-01 15:02:57.254,          i = 97        
INFO test 98              AT 2018-09-01 15:02:57.264,          i = 98        
INFO test 99              AT 2018-09-01 15:02:57.275,          i = 99        
