INFO Logger Running       AT 2018-09-05 22:48:41.300
WARNING test 0               AT 2018-09-05 22:48:41.302,         i = 0         
WARNING test 1               AT 2018-09-05 22:48:41.312,         i = 1         
WARNING test 2               AT 2018-09-05 22:48:41.322,         i = 2         
WARNING test 3               AT 2018-09-05 22:48:41.332,         i = 3         
WARNING test 4               AT 2018-09-05 22:48:41.342,         i = 4         
WARNING test 5               AT 2018-09-05 22:48:41.352,         i = 5         
WARNING test 6               AT 2018-09-05 22:48:41.362,         i = 6         
WARNING test 7               AT 2018-09-05 22:48:41.372,         i = 7         
WARNING test 8               AT 2018-09-05 22:48:41.382,         i = 8         
WARNING test 9               AT 2018-09-05 22:48:41.392,         i = 9         
WARNING test 10              AT 2018-09-05 22:48:41.402,         i = 10        
WARNING test 11              AT 2018-09-05 22:48:41.412,         i = 11        
WARNING test 12              AT 2018-09-05 22:48:41.422,         i = 12        
WARNING test 13              AT 2018-09-05 22:48:41.432,         i = 13        
WARNING test 14              AT 2018-09-05 22:48:41.442,         i = 14        
WARNING test 15              AT 2018-09-05 22:48:41.452,         i = 15        
WARNING test 16              AT 2018-09-05 22:48:41.462,         i = 16        
WARNING test 17              AT 2018-09-05 22:48:41.472,         i = 17        
WARNING test 18              AT 2018-09-05 22:48:41.482,         i = 18        
WARNING test 19              AT 2018-09-05 22:48:41.492,         i = 19        
WARNING test 20              AT 2018-09-05 22:48:41.502,         i = 20        
WARNING test 21              AT 2018-09-05 22:48:41.512,         i = 21        
WARNING test 22              AT 2018-09-05 22:48:41.522,         i = 22        
WARNING test 23              AT 2018-09-05 22:48:41.532,         i = 23        
WARNING test 24              AT 2018-09-05 22:48:41.542,         i = 24        
WARNING test 25              AT 2018-09-05 22:48:41.552,         i = 25        
WARNING test 26              AT 2018-09-05 22:48:41.562,         i = 26        
WARNING test 27              AT 2018-09-05 22:48:41.572,         i = 27        
WARNING test 28              AT 2018-09-05 22:48:41.582,         i = 28        
WARNING test 29              AT 2018-09-05 22:48:41.592,         i = 29        
WARNING test 30              AT 2018-09-05 22:48:41.602,         i = 30        
WARNING test 31              AT 2018-09-05 22:48:41.612,         i = 31        
WARNING test 32              AT 2018-09-05 22:48:41.622,         i = 32        
WARNING test 33              AT 2018-09-05 22:48:41.632,         i = 33        
WARNING test 34              AT 2018-09-05 22:48:41.642,         i = 34        
WARNING test 35              AT 2018-09-05 22:48:41.652,         i = 35        
WARNING test 36              AT 2018-09-05 22:48:41.662,         i = 36        
WARNING test 37              AT 2018-09-05 22:48:41.672,         i = 37        
WARNING test 38              AT 2018-09-05 22:48:41.682,         i = 38        
WARNING test 39              AT 2018-09-05 22:48:41.692,         i = 39        
WARNING test 40              AT 2018-09-05 22:48:41.702,         i = 40        
WARNING test 41              AT 2018-09-05 22:48:41.712,         i = 41        
WARNING test 42              AT 2018-09-05 22:48:41.722,         i = 42        
WARNING test 43              AT 2018-09-05 22:48:41.732,         i = 43        
WARNING test 44              AT 2018-09-05 22:48:41.742,         i = 44        
WARNING test 45              AT 2018-09-05 22:48:41.752,         i = 45        
WARNING test 46              AT 2018-09-05 22:48:41.762,         i = 46        
WARNING test 47              AT 2018-09-05 22:48:41.772,         i = 47        
WARNING test 48              AT 2018-09-05 22:48:41.782,         i = 48        
WARNING test 49              AT 2018-09-05 22:48:41.792,         i = 49        
WARNING test 50              AT 2018-09-05 22:48:41.802,         i = 50        
WARNING test 51              AT 2018-09-05 22:48:41.812,         i = 51        
WARNING test 52              AT 2018-09-05 22:48:41.822,         i = 52        
WARNING test 53              AT 2018-09-05 22:48:41.832,         i = 53        
WARNING test 54              AT 2018-09-05 22:48:41.842,         i = 54        
WARNING test 55              AT 2018-09-05 22:48:41.852,         i = 55        
WARNING test 56              AT 2018-09-05 22:48:41.862,         i = 56        
WARNING test 57              AT 2018-09-05 22:48:41.872,         i = 57        
WARNING test 58              AT 2018-09-05 22:48:41.882,         i = 58        
WARNING test 59              AT 2018-09-05 22:48:41.892,         i = 59        
WARNING test 60              AT 2018-09-05 22:48:41.902,         i = 60        
WARNING test 61              AT 2018-09-05 22:48:41.912,         i = 61        
WARNING test 62              AT 2018-09-05 22:48:41.922,         i = 62        
WARNING test 63              AT 2018-09-05 22:48:41.932,         i = 63        
WARNING test 64              AT 2018-09-05 22:48:41.942,         i = 64        
WARNING test 65              AT 2018-09-05 22:48:41.952,         i = 65        
WARNING test 66              AT 2018-09-05 22:48:41.962,         i = 66        
WARNING test 67              AT 2018-09-05 22:48:41.972,         i = 67        
WARNING test 68              AT 2018-09-05 22:48:41.982,         i = 68        
WARNING test 69              AT 2018-09-05 22:48:41.992,         i = 69        
WARNING test 70              AT 2018-09-05 22:48:42.2  ,         i = 70        
WARNING test 71              AT 2018-09-05 22:48:42.12 ,         i = 71        
WARNING test 72              AT 2018-09-05 22:48:42.22 ,         i = 72        
WARNING test 73              AT 2018-09-05 22:48:42.32 ,         i = 73        
WARNING test 74              AT 2018-09-05 22:48:42.42 ,         i = 74        
WARNING test 75              AT 2018-09-05 22:48:42.52 ,         i = 75        
WARNING test 76              AT 2018-09-05 22:48:42.62 ,         i = 76        
WARNING test 77              AT 2018-09-05 22:48:42.72 ,         i = 77        
WARNING test 78              AT 2018-09-05 22:48:42.82 ,         i = 78        
WARNING test 79              AT 2018-09-05 22:48:42.92 ,         i = 79        
WARNING test 80              AT 2018-09-05 22:48:42.102,         i = 80        
WARNING test 81              AT 2018-09-05 22:48:42.112,         i = 81        
WARNING test 82              AT 2018-09-05 22:48:42.122,         i = 82        
WARNING test 83              AT 2018-09-05 22:48:42.132,         i = 83        
WARNING test 84              AT 2018-09-05 22:48:42.142,         i = 84        
WARNING test 85              AT 2018-09-05 22:48:42.152,         i = 85        
WARNING test 86              AT 2018-09-05 22:48:42.162,         i = 86        
WARNING test 87              AT 2018-09-05 22:48:42.172,         i = 87        
WARNING test 88              AT 2018-09-05 22:48:42.182,         i = 88        
WARNING test 89              AT 2018-09-05 22:48:42.192,         i = 89        
WARNING test 90              AT 2018-09-05 22:48:42.202,         i = 90        
WARNING test 91              AT 2018-09-05 22:48:42.212,         i = 91        
WARNING test 92              AT 2018-09-05 22:48:42.222,         i = 92        
WARNING test 93              AT 2018-09-05 22:48:42.232,         i = 93        
WARNING test 94              AT 2018-09-05 22:48:42.242,         i = 94        
WARNING test 95              AT 2018-09-05 22:48:42.252,         i = 95        
WARNING test 96              AT 2018-09-05 22:48:42.262,         i = 96        
WARNING test 97              AT 2018-09-05 22:48:42.272,         i = 97        
WARNING test 98              AT 2018-09-05 22:48:42.282,         i = 98        
WARNING test 99              AT 2018-09-05 22:48:42.292,         i = 99        
