INFO Logger Running       AT 2018-09-05 22:50:24.474
WARNING test 0               AT 2018-09-05 22:50:24.476,         i = 0         
WARNING test 1               AT 2018-09-05 22:50:24.486,         i = 1         
WARNING test 2               AT 2018-09-05 22:50:24.496,         i = 2         
WARNING test 3               AT 2018-09-05 22:50:24.506,         i = 3         
WARNING test 4               AT 2018-09-05 22:50:24.516,         i = 4         
WARNING test 5               AT 2018-09-05 22:50:24.526,         i = 5         
WARNING test 6               AT 2018-09-05 22:50:24.536,         i = 6         
WARNING test 7               AT 2018-09-05 22:50:24.546,         i = 7         
WARNING test 8               AT 2018-09-05 22:50:24.556,         i = 8         
WARNING test 9               AT 2018-09-05 22:50:24.566,         i = 9         
WARNING test 10              AT 2018-09-05 22:50:24.576,         i = 10        
WARNING test 11              AT 2018-09-05 22:50:24.586,         i = 11        
WARNING test 12              AT 2018-09-05 22:50:24.596,         i = 12        
WARNING test 13              AT 2018-09-05 22:50:24.606,         i = 13        
WARNING test 14              AT 2018-09-05 22:50:24.616,         i = 14        
WARNING test 15              AT 2018-09-05 22:50:24.626,         i = 15        
WARNING test 16              AT 2018-09-05 22:50:24.636,         i = 16        
WARNING test 17              AT 2018-09-05 22:50:24.646,         i = 17        
WARNING test 18              AT 2018-09-05 22:50:24.656,         i = 18        
WARNING test 19              AT 2018-09-05 22:50:24.666,         i = 19        
WARNING test 20              AT 2018-09-05 22:50:24.676,         i = 20        
WARNING test 21              AT 2018-09-05 22:50:24.686,         i = 21        
WARNING test 22              AT 2018-09-05 22:50:24.696,         i = 22        
WARNING test 23              AT 2018-09-05 22:50:24.706,         i = 23        
WARNING test 24              AT 2018-09-05 22:50:24.716,         i = 24        
WARNING test 25              AT 2018-09-05 22:50:24.726,         i = 25        
WARNING test 26              AT 2018-09-05 22:50:24.736,         i = 26        
WARNING test 27              AT 2018-09-05 22:50:24.746,         i = 27        
WARNING test 28              AT 2018-09-05 22:50:24.756,         i = 28        
WARNING test 29              AT 2018-09-05 22:50:24.766,         i = 29        
WARNING test 30              AT 2018-09-05 22:50:24.776,         i = 30        
WARNING test 31              AT 2018-09-05 22:50:24.786,         i = 31        
WARNING test 32              AT 2018-09-05 22:50:24.796,         i = 32        
WARNING test 33              AT 2018-09-05 22:50:24.806,         i = 33        
WARNING test 34              AT 2018-09-05 22:50:24.816,         i = 34        
WARNING test 35              AT 2018-09-05 22:50:24.826,         i = 35        
WARNING test 36              AT 2018-09-05 22:50:24.836,         i = 36        
WARNING test 37              AT 2018-09-05 22:50:24.846,         i = 37        
WARNING test 38              AT 2018-09-05 22:50:24.856,         i = 38        
WARNING test 39              AT 2018-09-05 22:50:24.866,         i = 39        
WARNING test 40              AT 2018-09-05 22:50:24.876,         i = 40        
WARNING test 41              AT 2018-09-05 22:50:24.886,         i = 41        
WARNING test 42              AT 2018-09-05 22:50:24.896,         i = 42        
WARNING test 43              AT 2018-09-05 22:50:24.906,         i = 43        
WARNING test 44              AT 2018-09-05 22:50:24.916,         i = 44        
WARNING test 45              AT 2018-09-05 22:50:24.926,         i = 45        
WARNING test 46              AT 2018-09-05 22:50:24.936,         i = 46        
WARNING test 47              AT 2018-09-05 22:50:24.946,         i = 47        
WARNING test 48              AT 2018-09-05 22:50:24.956,         i = 48        
WARNING test 49              AT 2018-09-05 22:50:24.966,         i = 49        
WARNING test 50              AT 2018-09-05 22:50:24.976,         i = 50        
WARNING test 51              AT 2018-09-05 22:50:24.986,         i = 51        
WARNING test 52              AT 2018-09-05 22:50:24.996,         i = 52        
WARNING test 53              AT 2018-09-05 22:50:25.6  ,         i = 53        
WARNING test 54              AT 2018-09-05 22:50:25.16 ,         i = 54        
WARNING test 55              AT 2018-09-05 22:50:25.26 ,         i = 55        
WARNING test 56              AT 2018-09-05 22:50:25.36 ,         i = 56        
WARNING test 57              AT 2018-09-05 22:50:25.46 ,         i = 57        
WARNING test 58              AT 2018-09-05 22:50:25.56 ,         i = 58        
WARNING test 59              AT 2018-09-05 22:50:25.66 ,         i = 59        
WARNING test 60              AT 2018-09-05 22:50:25.76 ,         i = 60        
WARNING test 61              AT 2018-09-05 22:50:25.86 ,         i = 61        
WARNING test 62              AT 2018-09-05 22:50:25.96 ,         i = 62        
WARNING test 63              AT 2018-09-05 22:50:25.106,         i = 63        
WARNING test 64              AT 2018-09-05 22:50:25.116,         i = 64        
WARNING test 65              AT 2018-09-05 22:50:25.126,         i = 65        
WARNING test 66              AT 2018-09-05 22:50:25.136,         i = 66        
WARNING test 67              AT 2018-09-05 22:50:25.146,         i = 67        
WARNING test 68              AT 2018-09-05 22:50:25.156,         i = 68        
WARNING test 69              AT 2018-09-05 22:50:25.166,         i = 69        
WARNING test 70              AT 2018-09-05 22:50:25.177,         i = 70        
WARNING test 71              AT 2018-09-05 22:50:25.187,         i = 71        
WARNING test 72              AT 2018-09-05 22:50:25.197,         i = 72        
WARNING test 73              AT 2018-09-05 22:50:25.207,         i = 73        
WARNING test 74              AT 2018-09-05 22:50:25.217,         i = 74        
WARNING test 75              AT 2018-09-05 22:50:25.227,         i = 75        
WARNING test 76              AT 2018-09-05 22:50:25.237,         i = 76        
WARNING test 77              AT 2018-09-05 22:50:25.247,         i = 77        
WARNING test 78              AT 2018-09-05 22:50:25.257,         i = 78        
WARNING test 79              AT 2018-09-05 22:50:25.267,         i = 79        
WARNING test 80              AT 2018-09-05 22:50:25.277,         i = 80        
WARNING test 81              AT 2018-09-05 22:50:25.287,         i = 81        
WARNING test 82              AT 2018-09-05 22:50:25.297,         i = 82        
WARNING test 83              AT 2018-09-05 22:50:25.307,         i = 83        
WARNING test 84              AT 2018-09-05 22:50:25.317,         i = 84        
WARNING test 85              AT 2018-09-05 22:50:25.327,         i = 85        
WARNING test 86              AT 2018-09-05 22:50:25.337,         i = 86        
WARNING test 87              AT 2018-09-05 22:50:25.347,         i = 87        
WARNING test 88              AT 2018-09-05 22:50:25.357,         i = 88        
WARNING test 89              AT 2018-09-05 22:50:25.367,         i = 89        
WARNING test 90              AT 2018-09-05 22:50:25.377,         i = 90        
WARNING test 91              AT 2018-09-05 22:50:25.387,         i = 91        
WARNING test 92              AT 2018-09-05 22:50:25.397,         i = 92        
WARNING test 93              AT 2018-09-05 22:50:25.408,         i = 93        
WARNING test 94              AT 2018-09-05 22:50:25.418,         i = 94        
WARNING test 95              AT 2018-09-05 22:50:25.428,         i = 95        
WARNING test 96              AT 2018-09-05 22:50:25.438,         i = 96        
WARNING test 97              AT 2018-09-05 22:50:25.448,         i = 97        
WARNING test 98              AT 2018-09-05 22:50:25.458,         i = 98        
WARNING test 99              AT 2018-09-05 22:50:25.468,         i = 99        
