INFO Logger Running       AT 2018-09-02 13:12:21.612
INFO test 0               AT 2018-09-02 13:12:21.614,         i = 0         
INFO test 1               AT 2018-09-02 13:12:21.625,         i = 1         
INFO test 2               AT 2018-09-02 13:12:21.635,         i = 2         
INFO test 3               AT 2018-09-02 13:12:21.645,         i = 3         
INFO test 4               AT 2018-09-02 13:12:21.655,         i = 4         
INFO test 5               AT 2018-09-02 13:12:21.665,         i = 5         
INFO test 6               AT 2018-09-02 13:12:21.675,         i = 6         
INFO test 7               AT 2018-09-02 13:12:21.685,         i = 7         
INFO test 8               AT 2018-09-02 13:12:21.695,         i = 8         
INFO test 9               AT 2018-09-02 13:12:21.705,         i = 9         
INFO test 10              AT 2018-09-02 13:12:21.715,         i = 10        
INFO test 11              AT 2018-09-02 13:12:21.725,         i = 11        
INFO test 12              AT 2018-09-02 13:12:21.735,         i = 12        
INFO test 13              AT 2018-09-02 13:12:21.745,         i = 13        
INFO test 14              AT 2018-09-02 13:12:21.755,         i = 14        
INFO test 15              AT 2018-09-02 13:12:21.765,         i = 15        
INFO test 16              AT 2018-09-02 13:12:21.775,         i = 16        
INFO test 17              AT 2018-09-02 13:12:21.785,         i = 17        
INFO test 18              AT 2018-09-02 13:12:21.795,         i = 18        
INFO test 19              AT 2018-09-02 13:12:21.805,         i = 19        
INFO test 20              AT 2018-09-02 13:12:21.815,         i = 20        
INFO test 21              AT 2018-09-02 13:12:21.825,         i = 21        
INFO test 22              AT 2018-09-02 13:12:21.835,         i = 22        
INFO test 23              AT 2018-09-02 13:12:21.845,         i = 23        
INFO test 24              AT 2018-09-02 13:12:21.855,         i = 24        
INFO test 25              AT 2018-09-02 13:12:21.865,         i = 25        
INFO test 26              AT 2018-09-02 13:12:21.875,         i = 26        
INFO test 27              AT 2018-09-02 13:12:21.885,         i = 27        
INFO test 28              AT 2018-09-02 13:12:21.895,         i = 28        
INFO test 29              AT 2018-09-02 13:12:21.905,         i = 29        
INFO test 30              AT 2018-09-02 13:12:21.915,         i = 30        
INFO test 31              AT 2018-09-02 13:12:21.925,         i = 31        
INFO test 32              AT 2018-09-02 13:12:21.935,         i = 32        
INFO test 33              AT 2018-09-02 13:12:21.945,         i = 33        
INFO test 34              AT 2018-09-02 13:12:21.955,         i = 34        
INFO test 35              AT 2018-09-02 13:12:21.965,         i = 35        
INFO test 36              AT 2018-09-02 13:12:21.975,         i = 36        
INFO test 37              AT 2018-09-02 13:12:21.985,         i = 37        
INFO test 38              AT 2018-09-02 13:12:21.995,         i = 38        
INFO test 39              AT 2018-09-02 13:12:22.5  ,         i = 39        
INFO test 40              AT 2018-09-02 13:12:22.15 ,         i = 40        
INFO test 41              AT 2018-09-02 13:12:22.25 ,         i = 41        
INFO test 42              AT 2018-09-02 13:12:22.35 ,         i = 42        
INFO test 43              AT 2018-09-02 13:12:22.45 ,         i = 43        
INFO test 44              AT 2018-09-02 13:12:22.55 ,         i = 44        
INFO test 45              AT 2018-09-02 13:12:22.65 ,         i = 45        
INFO test 46              AT 2018-09-02 13:12:22.75 ,         i = 46        
INFO test 47              AT 2018-09-02 13:12:22.85 ,         i = 47        
INFO test 48              AT 2018-09-02 13:12:22.95 ,         i = 48        
INFO test 49              AT 2018-09-02 13:12:22.105,         i = 49        
INFO test 50              AT 2018-09-02 13:12:22.115,         i = 50        
INFO test 51              AT 2018-09-02 13:12:22.125,         i = 51        
INFO test 52              AT 2018-09-02 13:12:22.135,         i = 52        
INFO test 53              AT 2018-09-02 13:12:22.145,         i = 53        
INFO test 54              AT 2018-09-02 13:12:22.155,         i = 54        
INFO test 55              AT 2018-09-02 13:12:22.165,         i = 55        
INFO test 56              AT 2018-09-02 13:12:22.175,         i = 56        
INFO test 57              AT 2018-09-02 13:12:22.185,         i = 57        
INFO test 58              AT 2018-09-02 13:12:22.195,         i = 58        
INFO test 59              AT 2018-09-02 13:12:22.205,         i = 59        
INFO test 60              AT 2018-09-02 13:12:22.215,         i = 60        
INFO test 61              AT 2018-09-02 13:12:22.225,         i = 61        
INFO test 62              AT 2018-09-02 13:12:22.235,         i = 62        
INFO test 63              AT 2018-09-02 13:12:22.245,         i = 63        
INFO test 64              AT 2018-09-02 13:12:22.255,         i = 64        
INFO test 65              AT 2018-09-02 13:12:22.265,         i = 65        
INFO test 66              AT 2018-09-02 13:12:22.275,         i = 66        
INFO test 67              AT 2018-09-02 13:12:22.285,         i = 67        
INFO test 68              AT 2018-09-02 13:12:22.295,         i = 68        
INFO test 69              AT 2018-09-02 13:12:22.305,         i = 69        
INFO test 70              AT 2018-09-02 13:12:22.315,         i = 70        
INFO test 71              AT 2018-09-02 13:12:22.325,         i = 71        
INFO test 72              AT 2018-09-02 13:12:22.335,         i = 72        
INFO test 73              AT 2018-09-02 13:12:22.345,         i = 73        
INFO test 74              AT 2018-09-02 13:12:22.355,         i = 74        
INFO test 75              AT 2018-09-02 13:12:22.365,         i = 75        
INFO test 76              AT 2018-09-02 13:12:22.375,         i = 76        
INFO test 77              AT 2018-09-02 13:12:22.385,         i = 77        
INFO test 78              AT 2018-09-02 13:12:22.395,         i = 78        
INFO test 79              AT 2018-09-02 13:12:22.405,         i = 79        
INFO test 80              AT 2018-09-02 13:12:22.416,         i = 80        
INFO test 81              AT 2018-09-02 13:12:22.426,         i = 81        
INFO test 82              AT 2018-09-02 13:12:22.436,         i = 82        
INFO test 83              AT 2018-09-02 13:12:22.446,         i = 83        
INFO test 84              AT 2018-09-02 13:12:22.456,         i = 84        
INFO test 85              AT 2018-09-02 13:12:22.466,         i = 85        
INFO test 86              AT 2018-09-02 13:12:22.476,         i = 86        
INFO test 87              AT 2018-09-02 13:12:22.486,         i = 87        
INFO test 88              AT 2018-09-02 13:12:22.496,         i = 88        
INFO test 89              AT 2018-09-02 13:12:22.506,         i = 89        
INFO test 90              AT 2018-09-02 13:12:22.516,         i = 90        
INFO test 91              AT 2018-09-02 13:12:22.526,         i = 91        
INFO test 92              AT 2018-09-02 13:12:22.536,         i = 92        
INFO test 93              AT 2018-09-02 13:12:22.546,         i = 93        
INFO test 94              AT 2018-09-02 13:12:22.556,         i = 94        
INFO test 95              AT 2018-09-02 13:12:22.566,         i = 95        
INFO test 96              AT 2018-09-02 13:12:22.576,         i = 96        
INFO test 97              AT 2018-09-02 13:12:22.586,         i = 97        
INFO test 98              AT 2018-09-02 13:12:22.596,         i = 98        
INFO test 99              AT 2018-09-02 13:12:22.606,         i = 99        
