INFO Logger Running       AT 2018-09-02 13:12:46.81
INFO test 0               AT 2018-09-02 13:12:46.83 ,         i = 0         
INFO test 1               AT 2018-09-02 13:12:46.93 ,         i = 1         
INFO test 2               AT 2018-09-02 13:12:46.103,         i = 2         
INFO test 3               AT 2018-09-02 13:12:46.113,         i = 3         
INFO test 4               AT 2018-09-02 13:12:46.123,         i = 4         
INFO test 5               AT 2018-09-02 13:12:46.133,         i = 5         
INFO test 6               AT 2018-09-02 13:12:46.143,         i = 6         
INFO test 7               AT 2018-09-02 13:12:46.153,         i = 7         
INFO test 8               AT 2018-09-02 13:12:46.163,         i = 8         
INFO test 9               AT 2018-09-02 13:12:46.173,         i = 9         
INFO test 10              AT 2018-09-02 13:12:46.183,         i = 10        
INFO test 11              AT 2018-09-02 13:12:46.193,         i = 11        
INFO test 12              AT 2018-09-02 13:12:46.203,         i = 12        
INFO test 13              AT 2018-09-02 13:12:46.213,         i = 13        
INFO test 14              AT 2018-09-02 13:12:46.223,         i = 14        
INFO test 15              AT 2018-09-02 13:12:46.233,         i = 15        
INFO test 16              AT 2018-09-02 13:12:46.243,         i = 16        
INFO test 17              AT 2018-09-02 13:12:46.253,         i = 17        
INFO test 18              AT 2018-09-02 13:12:46.263,         i = 18        
INFO test 19              AT 2018-09-02 13:12:46.273,         i = 19        
INFO test 20              AT 2018-09-02 13:12:46.283,         i = 20        
INFO test 21              AT 2018-09-02 13:12:46.293,         i = 21        
INFO test 22              AT 2018-09-02 13:12:46.303,         i = 22        
INFO test 23              AT 2018-09-02 13:12:46.313,         i = 23        
INFO test 24              AT 2018-09-02 13:12:46.323,         i = 24        
INFO test 25              AT 2018-09-02 13:12:46.333,         i = 25        
INFO test 26              AT 2018-09-02 13:12:46.343,         i = 26        
INFO test 27              AT 2018-09-02 13:12:46.353,         i = 27        
INFO test 28              AT 2018-09-02 13:12:46.363,         i = 28        
INFO test 29              AT 2018-09-02 13:12:46.373,         i = 29        
INFO test 30              AT 2018-09-02 13:12:46.383,         i = 30        
INFO test 31              AT 2018-09-02 13:12:46.393,         i = 31        
INFO test 32              AT 2018-09-02 13:12:46.403,         i = 32        
INFO test 33              AT 2018-09-02 13:12:46.413,         i = 33        
INFO test 34              AT 2018-09-02 13:12:46.423,         i = 34        
INFO test 35              AT 2018-09-02 13:12:46.433,         i = 35        
INFO test 36              AT 2018-09-02 13:12:46.443,         i = 36        
INFO test 37              AT 2018-09-02 13:12:46.453,         i = 37        
INFO test 38              AT 2018-09-02 13:12:46.463,         i = 38        
INFO test 39              AT 2018-09-02 13:12:46.473,         i = 39        
INFO test 40              AT 2018-09-02 13:12:46.483,         i = 40        
INFO test 41              AT 2018-09-02 13:12:46.493,         i = 41        
INFO test 42              AT 2018-09-02 13:12:46.503,         i = 42        
INFO test 43              AT 2018-09-02 13:12:46.513,         i = 43        
INFO test 44              AT 2018-09-02 13:12:46.523,         i = 44        
INFO test 45              AT 2018-09-02 13:12:46.533,         i = 45        
INFO test 46              AT 2018-09-02 13:12:46.543,         i = 46        
INFO test 47              AT 2018-09-02 13:12:46.553,         i = 47        
INFO test 48              AT 2018-09-02 13:12:46.563,         i = 48        
INFO test 49              AT 2018-09-02 13:12:46.573,         i = 49        
INFO test 50              AT 2018-09-02 13:12:46.583,         i = 50        
INFO test 51              AT 2018-09-02 13:12:46.593,         i = 51        
INFO test 52              AT 2018-09-02 13:12:46.603,         i = 52        
INFO test 53              AT 2018-09-02 13:12:46.613,         i = 53        
INFO test 54              AT 2018-09-02 13:12:46.623,         i = 54        
INFO test 55              AT 2018-09-02 13:12:46.633,         i = 55        
INFO test 56              AT 2018-09-02 13:12:46.643,         i = 56        
INFO test 57              AT 2018-09-02 13:12:46.653,         i = 57        
INFO test 58              AT 2018-09-02 13:12:46.663,         i = 58        
INFO test 59              AT 2018-09-02 13:12:46.673,         i = 59        
INFO test 60              AT 2018-09-02 13:12:46.683,         i = 60        
INFO test 61              AT 2018-09-02 13:12:46.693,         i = 61        
INFO test 62              AT 2018-09-02 13:12:46.703,         i = 62        
INFO test 63              AT 2018-09-02 13:12:46.713,         i = 63        
INFO test 64              AT 2018-09-02 13:12:46.723,         i = 64        
INFO test 65              AT 2018-09-02 13:12:46.733,         i = 65        
INFO test 66              AT 2018-09-02 13:12:46.743,         i = 66        
INFO test 67              AT 2018-09-02 13:12:46.753,         i = 67        
INFO test 68              AT 2018-09-02 13:12:46.763,         i = 68        
INFO test 69              AT 2018-09-02 13:12:46.773,         i = 69        
INFO test 70              AT 2018-09-02 13:12:46.783,         i = 70        
INFO test 71              AT 2018-09-02 13:12:46.793,         i = 71        
INFO test 72              AT 2018-09-02 13:12:46.803,         i = 72        
INFO test 73              AT 2018-09-02 13:12:46.814,         i = 73        
INFO test 74              AT 2018-09-02 13:12:46.824,         i = 74        
INFO test 75              AT 2018-09-02 13:12:46.834,         i = 75        
INFO test 76              AT 2018-09-02 13:12:46.844,         i = 76        
INFO test 77              AT 2018-09-02 13:12:46.854,         i = 77        
INFO test 78              AT 2018-09-02 13:12:46.864,         i = 78        
INFO test 79              AT 2018-09-02 13:12:46.874,         i = 79        
INFO test 80              AT 2018-09-02 13:12:46.884,         i = 80        
INFO test 81              AT 2018-09-02 13:12:46.894,         i = 81        
INFO test 82              AT 2018-09-02 13:12:46.904,         i = 82        
INFO test 83              AT 2018-09-02 13:12:46.914,         i = 83        
INFO test 84              AT 2018-09-02 13:12:46.924,         i = 84        
INFO test 85              AT 2018-09-02 13:12:46.934,         i = 85        
INFO test 86              AT 2018-09-02 13:12:46.944,         i = 86        
INFO test 87              AT 2018-09-02 13:12:46.954,         i = 87        
INFO test 88              AT 2018-09-02 13:12:46.964,         i = 88        
INFO test 89              AT 2018-09-02 13:12:46.974,         i = 89        
INFO test 90              AT 2018-09-02 13:12:46.984,         i = 90        
INFO test 91              AT 2018-09-02 13:12:46.994,         i = 91        
INFO test 92              AT 2018-09-02 13:12:47.4  ,         i = 92        
INFO test 93              AT 2018-09-02 13:12:47.14 ,         i = 93        
INFO test 94              AT 2018-09-02 13:12:47.24 ,         i = 94        
INFO test 95              AT 2018-09-02 13:12:47.34 ,         i = 95        
INFO test 96              AT 2018-09-02 13:12:47.44 ,         i = 96        
INFO test 97              AT 2018-09-02 13:12:47.54 ,         i = 97        
INFO test 98              AT 2018-09-02 13:12:47.64 ,         i = 98        
INFO test 99              AT 2018-09-02 13:12:47.74 ,         i = 99        
