INFO Logger Running       AT 2018-09-02 13:10:08.184
INFO test 0               AT 2018-09-02 13:10:08.187,         i = 0         
INFO test 1               AT 2018-09-02 13:10:08.197,         i = 1         
INFO test 2               AT 2018-09-02 13:10:08.207,         i = 2         
INFO test 3               AT 2018-09-02 13:10:08.217,         i = 3         
INFO test 4               AT 2018-09-02 13:10:08.227,         i = 4         
INFO test 5               AT 2018-09-02 13:10:08.237,         i = 5         
INFO test 6               AT 2018-09-02 13:10:08.247,         i = 6         
INFO test 7               AT 2018-09-02 13:10:08.257,         i = 7         
INFO test 8               AT 2018-09-02 13:10:08.267,         i = 8         
INFO test 9               AT 2018-09-02 13:10:08.277,         i = 9         
INFO test 10              AT 2018-09-02 13:10:08.287,         i = 10        
INFO test 11              AT 2018-09-02 13:10:08.297,         i = 11        
INFO test 12              AT 2018-09-02 13:10:08.307,         i = 12        
INFO test 13              AT 2018-09-02 13:10:08.317,         i = 13        
INFO test 14              AT 2018-09-02 13:10:08.327,         i = 14        
INFO test 15              AT 2018-09-02 13:10:08.337,         i = 15        
INFO test 16              AT 2018-09-02 13:10:08.347,         i = 16        
INFO test 17              AT 2018-09-02 13:10:08.357,         i = 17        
INFO test 18              AT 2018-09-02 13:10:08.367,         i = 18        
INFO test 19              AT 2018-09-02 13:10:08.377,         i = 19        
INFO test 20              AT 2018-09-02 13:10:08.387,         i = 20        
INFO test 21              AT 2018-09-02 13:10:08.397,         i = 21        
INFO test 22              AT 2018-09-02 13:10:08.407,         i = 22        
INFO test 23              AT 2018-09-02 13:10:08.417,         i = 23        
INFO test 24              AT 2018-09-02 13:10:08.427,         i = 24        
INFO test 25              AT 2018-09-02 13:10:08.437,         i = 25        
INFO test 26              AT 2018-09-02 13:10:08.447,         i = 26        
INFO test 27              AT 2018-09-02 13:10:08.457,         i = 27        
INFO test 28              AT 2018-09-02 13:10:08.467,         i = 28        
INFO test 29              AT 2018-09-02 13:10:08.477,         i = 29        
INFO test 30              AT 2018-09-02 13:10:08.487,         i = 30        
INFO test 31              AT 2018-09-02 13:10:08.497,         i = 31        
INFO test 32              AT 2018-09-02 13:10:08.507,         i = 32        
INFO test 33              AT 2018-09-02 13:10:08.517,         i = 33        
INFO test 34              AT 2018-09-02 13:10:08.527,         i = 34        
INFO test 35              AT 2018-09-02 13:10:08.538,         i = 35        
INFO test 36              AT 2018-09-02 13:10:08.548,         i = 36        
INFO test 37              AT 2018-09-02 13:10:08.558,         i = 37        
INFO test 38              AT 2018-09-02 13:10:08.568,         i = 38        
INFO test 39              AT 2018-09-02 13:10:08.578,         i = 39        
INFO test 40              AT 2018-09-02 13:10:08.588,         i = 40        
INFO test 41              AT 2018-09-02 13:10:08.598,         i = 41        
INFO test 42              AT 2018-09-02 13:10:08.608,         i = 42        
INFO test 43              AT 2018-09-02 13:10:08.618,         i = 43        
INFO test 44              AT 2018-09-02 13:10:08.628,         i = 44        
INFO test 45              AT 2018-09-02 13:10:08.638,         i = 45        
INFO test 46              AT 2018-09-02 13:10:08.648,         i = 46        
INFO test 47              AT 2018-09-02 13:10:08.658,         i = 47        
INFO test 48              AT 2018-09-02 13:10:08.668,         i = 48        
INFO test 49              AT 2018-09-02 13:10:08.678,         i = 49        
INFO test 50              AT 2018-09-02 13:10:08.688,         i = 50        
INFO test 51              AT 2018-09-02 13:10:08.698,         i = 51        
INFO test 52              AT 2018-09-02 13:10:08.708,         i = 52        
INFO test 53              AT 2018-09-02 13:10:08.718,         i = 53        
INFO test 54              AT 2018-09-02 13:10:08.728,         i = 54        
INFO test 55              AT 2018-09-02 13:10:08.738,         i = 55        
INFO test 56              AT 2018-09-02 13:10:08.748,         i = 56        
INFO test 57              AT 2018-09-02 13:10:08.758,         i = 57        
INFO test 58              AT 2018-09-02 13:10:08.768,         i = 58        
INFO test 59              AT 2018-09-02 13:10:08.778,         i = 59        
INFO test 60              AT 2018-09-02 13:10:08.788,         i = 60        
INFO test 61              AT 2018-09-02 13:10:08.798,         i = 61        
INFO test 62              AT 2018-09-02 13:10:08.808,         i = 62        
INFO test 63              AT 2018-09-02 13:10:08.818,         i = 63        
INFO test 64              AT 2018-09-02 13:10:08.828,         i = 64        
INFO test 65              AT 2018-09-02 13:10:08.838,         i = 65        
INFO test 66              AT 2018-09-02 13:10:08.848,         i = 66        
INFO test 67              AT 2018-09-02 13:10:08.858,         i = 67        
INFO test 68              AT 2018-09-02 13:10:08.868,         i = 68        
INFO test 69              AT 2018-09-02 13:10:08.878,         i = 69        
INFO test 70              AT 2018-09-02 13:10:08.888,         i = 70        
INFO test 71              AT 2018-09-02 13:10:08.898,         i = 71        
INFO test 72              AT 2018-09-02 13:10:08.908,         i = 72        
INFO test 73              AT 2018-09-02 13:10:08.918,         i = 73        
INFO test 74              AT 2018-09-02 13:10:08.928,         i = 74        
INFO test 75              AT 2018-09-02 13:10:08.938,         i = 75        
INFO test 76              AT 2018-09-02 13:10:08.948,         i = 76        
INFO test 77              AT 2018-09-02 13:10:08.958,         i = 77        
INFO test 78              AT 2018-09-02 13:10:08.968,         i = 78        
INFO test 79              AT 2018-09-02 13:10:08.978,         i = 79        
INFO test 80              AT 2018-09-02 13:10:08.988,         i = 80        
INFO test 81              AT 2018-09-02 13:10:08.998,         i = 81        
INFO test 82              AT 2018-09-02 13:10:09.8  ,         i = 82        
INFO test 83              AT 2018-09-02 13:10:09.18 ,         i = 83        
INFO test 84              AT 2018-09-02 13:10:09.28 ,         i = 84        
INFO test 85              AT 2018-09-02 13:10:09.38 ,         i = 85        
INFO test 86              AT 2018-09-02 13:10:09.48 ,         i = 86        
INFO test 87              AT 2018-09-02 13:10:09.58 ,         i = 87        
INFO test 88              AT 2018-09-02 13:10:09.68 ,         i = 88        
INFO test 89              AT 2018-09-02 13:10:09.78 ,         i = 89        
INFO test 90              AT 2018-09-02 13:10:09.88 ,         i = 90        
INFO test 91              AT 2018-09-02 13:10:09.98 ,         i = 91        
INFO test 92              AT 2018-09-02 13:10:09.108,         i = 92        
INFO test 93              AT 2018-09-02 13:10:09.118,         i = 93        
INFO test 94              AT 2018-09-02 13:10:09.128,         i = 94        
INFO test 95              AT 2018-09-02 13:10:09.138,         i = 95        
INFO test 96              AT 2018-09-02 13:10:09.148,         i = 96        
INFO test 97              AT 2018-09-02 13:10:09.158,         i = 97        
INFO test 98              AT 2018-09-02 13:10:09.168,         i = 98        
INFO test 99              AT 2018-09-02 13:10:09.178,         i = 99        
