INFO Logger Running       AT 2018-09-06 09:29:23.321
WARNING test 0               AT 2018-09-06 09:29:23.327,         i = 0         
WARNING test 1               AT 2018-09-06 09:29:23.337,         i = 1         
WARNING test 2               AT 2018-09-06 09:29:23.348,         i = 2         
WARNING test 3               AT 2018-09-06 09:29:23.358,         i = 3         
WARNING test 4               AT 2018-09-06 09:29:23.369,         i = 4         
WARNING test 5               AT 2018-09-06 09:29:23.380,         i = 5         
WARNING test 6               AT 2018-09-06 09:29:23.390,         i = 6         
WARNING test 7               AT 2018-09-06 09:29:23.401,         i = 7         
WARNING test 8               AT 2018-09-06 09:29:23.411,         i = 8         
WARNING test 9               AT 2018-09-06 09:29:23.422,         i = 9         
WARNING test 10              AT 2018-09-06 09:29:23.432,         i = 10        
WARNING test 11              AT 2018-09-06 09:29:23.443,         i = 11        
WARNING test 12              AT 2018-09-06 09:29:23.453,         i = 12        
WARNING test 13              AT 2018-09-06 09:29:23.464,         i = 13        
WARNING test 14              AT 2018-09-06 09:29:23.474,         i = 14        
WARNING test 15              AT 2018-09-06 09:29:23.485,         i = 15        
WARNING test 16              AT 2018-09-06 09:29:23.496,         i = 16        
WARNING test 17              AT 2018-09-06 09:29:23.506,         i = 17        
WARNING test 18              AT 2018-09-06 09:29:23.517,         i = 18        
WARNING test 19              AT 2018-09-06 09:29:23.527,         i = 19        
WARNING test 20              AT 2018-09-06 09:29:23.538,         i = 20        
WARNING test 21              AT 2018-09-06 09:29:23.548,         i = 21        
WARNING test 22              AT 2018-09-06 09:29:23.558,         i = 22        
WARNING test 23              AT 2018-09-06 09:29:23.569,         i = 23        
WARNING test 24              AT 2018-09-06 09:29:23.579,         i = 24        
WARNING test 25              AT 2018-09-06 09:29:23.590,         i = 25        
WARNING test 26              AT 2018-09-06 09:29:23.600,         i = 26        
WARNING test 27              AT 2018-09-06 09:29:23.611,         i = 27        
WARNING test 28              AT 2018-09-06 09:29:23.621,         i = 28        
WARNING test 29              AT 2018-09-06 09:29:23.632,         i = 29        
WARNING test 30              AT 2018-09-06 09:29:23.642,         i = 30        
WARNING test 31              AT 2018-09-06 09:29:23.652,         i = 31        
WARNING test 32              AT 2018-09-06 09:29:23.663,         i = 32        
WARNING test 33              AT 2018-09-06 09:29:23.673,         i = 33        
WARNING test 34              AT 2018-09-06 09:29:23.683,         i = 34        
WARNING test 35              AT 2018-09-06 09:29:23.694,         i = 35        
WARNING test 36              AT 2018-09-06 09:29:23.704,         i = 36        
WARNING test 37              AT 2018-09-06 09:29:23.715,         i = 37        
WARNING test 38              AT 2018-09-06 09:29:23.725,         i = 38        
WARNING test 39              AT 2018-09-06 09:29:23.735,         i = 39        
WARNING test 40              AT 2018-09-06 09:29:23.746,         i = 40        
WARNING test 41              AT 2018-09-06 09:29:23.756,         i = 41        
WARNING test 42              AT 2018-09-06 09:29:23.767,         i = 42        
WARNING test 43              AT 2018-09-06 09:29:23.777,         i = 43        
WARNING test 44              AT 2018-09-06 09:29:23.788,         i = 44        
WARNING test 45              AT 2018-09-06 09:29:23.798,         i = 45        
WARNING test 46              AT 2018-09-06 09:29:23.809,         i = 46        
WARNING test 47              AT 2018-09-06 09:29:23.819,         i = 47        
WARNING test 48              AT 2018-09-06 09:29:23.829,         i = 48        
WARNING test 49              AT 2018-09-06 09:29:23.840,         i = 49        
WARNING test 50              AT 2018-09-06 09:29:23.850,         i = 50        
WARNING test 51              AT 2018-09-06 09:29:23.861,         i = 51        
WARNING test 52              AT 2018-09-06 09:29:23.871,         i = 52        
WARNING test 53              AT 2018-09-06 09:29:23.881,         i = 53        
WARNING test 54              AT 2018-09-06 09:29:23.892,         i = 54        
WARNING test 55              AT 2018-09-06 09:29:23.902,         i = 55        
WARNING test 56              AT 2018-09-06 09:29:23.912,         i = 56        
WARNING test 57              AT 2018-09-06 09:29:23.923,         i = 57        
WARNING test 58              AT 2018-09-06 09:29:23.933,         i = 58        
WARNING test 59              AT 2018-09-06 09:29:23.943,         i = 59        
WARNING test 60              AT 2018-09-06 09:29:23.954,         i = 60        
WARNING test 61              AT 2018-09-06 09:29:23.964,         i = 61        
WARNING test 62              AT 2018-09-06 09:29:23.974,         i = 62        
WARNING test 63              AT 2018-09-06 09:29:23.985,         i = 63        
WARNING test 64              AT 2018-09-06 09:29:23.995,         i = 64        
WARNING test 65              AT 2018-09-06 09:29:24.6  ,         i = 65        
WARNING test 66              AT 2018-09-06 09:29:24.16 ,         i = 66        
WARNING test 67              AT 2018-09-06 09:29:24.27 ,         i = 67        
WARNING test 68              AT 2018-09-06 09:29:24.37 ,         i = 68        
WARNING test 69              AT 2018-09-06 09:29:24.47 ,         i = 69        
WARNING test 70              AT 2018-09-06 09:29:24.58 ,         i = 70        
WARNING test 71              AT 2018-09-06 09:29:24.68 ,         i = 71        
WARNING test 72              AT 2018-09-06 09:29:24.78 ,         i = 72        
WARNING test 73              AT 2018-09-06 09:29:24.89 ,         i = 73        
WARNING test 74              AT 2018-09-06 09:29:24.99 ,         i = 74        
WARNING test 75              AT 2018-09-06 09:29:24.109,         i = 75        
WARNING test 76              AT 2018-09-06 09:29:24.120,         i = 76        
WARNING test 77              AT 2018-09-06 09:29:24.130,         i = 77        
WARNING test 78              AT 2018-09-06 09:29:24.140,         i = 78        
WARNING test 79              AT 2018-09-06 09:29:24.151,         i = 79        
WARNING test 80              AT 2018-09-06 09:29:24.161,         i = 80        
WARNING test 81              AT 2018-09-06 09:29:24.171,         i = 81        
WARNING test 82              AT 2018-09-06 09:29:24.182,         i = 82        
WARNING test 83              AT 2018-09-06 09:29:24.192,         i = 83        
WARNING test 84              AT 2018-09-06 09:29:24.202,         i = 84        
WARNING test 85              AT 2018-09-06 09:29:24.213,         i = 85        
WARNING test 86              AT 2018-09-06 09:29:24.223,         i = 86        
WARNING test 87              AT 2018-09-06 09:29:24.233,         i = 87        
WARNING test 88              AT 2018-09-06 09:29:24.244,         i = 88        
WARNING test 89              AT 2018-09-06 09:29:24.254,         i = 89        
WARNING test 90              AT 2018-09-06 09:29:24.264,         i = 90        
WARNING test 91              AT 2018-09-06 09:29:24.275,         i = 91        
WARNING test 92              AT 2018-09-06 09:29:24.285,         i = 92        
WARNING test 93              AT 2018-09-06 09:29:24.295,         i = 93        
WARNING test 94              AT 2018-09-06 09:29:24.306,         i = 94        
WARNING test 95              AT 2018-09-06 09:29:24.316,         i = 95        
WARNING test 96              AT 2018-09-06 09:29:24.326,         i = 96        
WARNING test 97              AT 2018-09-06 09:29:24.336,         i = 97        
WARNING test 98              AT 2018-09-06 09:29:24.347,         i = 98        
WARNING test 99              AT 2018-09-06 09:29:24.357,         i = 99        
