INFO Logger Running       AT 2018-09-02 13:13:44.611
INFO test 0               AT 2018-09-02 13:13:44.613,         i = 0         
INFO test 1               AT 2018-09-02 13:13:44.623,         i = 1         
INFO test 2               AT 2018-09-02 13:13:44.633,         i = 2         
INFO test 3               AT 2018-09-02 13:13:44.643,         i = 3         
INFO test 4               AT 2018-09-02 13:13:44.653,         i = 4         
INFO test 5               AT 2018-09-02 13:13:44.663,         i = 5         
INFO test 6               AT 2018-09-02 13:13:44.673,         i = 6         
INFO test 7               AT 2018-09-02 13:13:44.683,         i = 7         
INFO test 8               AT 2018-09-02 13:13:44.693,         i = 8         
INFO test 9               AT 2018-09-02 13:13:44.703,         i = 9         
INFO test 10              AT 2018-09-02 13:13:44.713,         i = 10        
INFO test 11              AT 2018-09-02 13:13:44.723,         i = 11        
INFO test 12              AT 2018-09-02 13:13:44.733,         i = 12        
INFO test 13              AT 2018-09-02 13:13:44.743,         i = 13        
INFO test 14              AT 2018-09-02 13:13:44.753,         i = 14        
INFO test 15              AT 2018-09-02 13:13:44.763,         i = 15        
INFO test 16              AT 2018-09-02 13:13:44.773,         i = 16        
INFO test 17              AT 2018-09-02 13:13:44.783,         i = 17        
INFO test 18              AT 2018-09-02 13:13:44.793,         i = 18        
INFO test 19              AT 2018-09-02 13:13:44.803,         i = 19        
INFO test 20              AT 2018-09-02 13:13:44.813,         i = 20        
INFO test 21              AT 2018-09-02 13:13:44.823,         i = 21        
INFO test 22              AT 2018-09-02 13:13:44.833,         i = 22        
INFO test 23              AT 2018-09-02 13:13:44.843,         i = 23        
INFO test 24              AT 2018-09-02 13:13:44.853,         i = 24        
INFO test 25              AT 2018-09-02 13:13:44.863,         i = 25        
INFO test 26              AT 2018-09-02 13:13:44.873,         i = 26        
INFO test 27              AT 2018-09-02 13:13:44.883,         i = 27        
INFO test 28              AT 2018-09-02 13:13:44.893,         i = 28        
INFO test 29              AT 2018-09-02 13:13:44.903,         i = 29        
INFO test 30              AT 2018-09-02 13:13:44.913,         i = 30        
INFO test 31              AT 2018-09-02 13:13:44.923,         i = 31        
INFO test 32              AT 2018-09-02 13:13:44.933,         i = 32        
INFO test 33              AT 2018-09-02 13:13:44.943,         i = 33        
INFO test 34              AT 2018-09-02 13:13:44.953,         i = 34        
INFO test 35              AT 2018-09-02 13:13:44.963,         i = 35        
INFO test 36              AT 2018-09-02 13:13:44.973,         i = 36        
INFO test 37              AT 2018-09-02 13:13:44.983,         i = 37        
INFO test 38              AT 2018-09-02 13:13:44.993,         i = 38        
INFO test 39              AT 2018-09-02 13:13:45.3  ,         i = 39        
INFO test 40              AT 2018-09-02 13:13:45.13 ,         i = 40        
INFO test 41              AT 2018-09-02 13:13:45.23 ,         i = 41        
INFO test 42              AT 2018-09-02 13:13:45.33 ,         i = 42        
INFO test 43              AT 2018-09-02 13:13:45.43 ,         i = 43        
INFO test 44              AT 2018-09-02 13:13:45.53 ,         i = 44        
INFO test 45              AT 2018-09-02 13:13:45.63 ,         i = 45        
INFO test 46              AT 2018-09-02 13:13:45.73 ,         i = 46        
INFO test 47              AT 2018-09-02 13:13:45.83 ,         i = 47        
INFO test 48              AT 2018-09-02 13:13:45.93 ,         i = 48        
INFO test 49              AT 2018-09-02 13:13:45.103,         i = 49        
INFO test 50              AT 2018-09-02 13:13:45.113,         i = 50        
INFO test 51              AT 2018-09-02 13:13:45.123,         i = 51        
INFO test 52              AT 2018-09-02 13:13:45.133,         i = 52        
INFO test 53              AT 2018-09-02 13:13:45.143,         i = 53        
INFO test 54              AT 2018-09-02 13:13:45.153,         i = 54        
INFO test 55              AT 2018-09-02 13:13:45.163,         i = 55        
INFO test 56              AT 2018-09-02 13:13:45.173,         i = 56        
INFO test 57              AT 2018-09-02 13:13:45.183,         i = 57        
INFO test 58              AT 2018-09-02 13:13:45.193,         i = 58        
INFO test 59              AT 2018-09-02 13:13:45.203,         i = 59        
INFO test 60              AT 2018-09-02 13:13:45.213,         i = 60        
INFO test 61              AT 2018-09-02 13:13:45.223,         i = 61        
INFO test 62              AT 2018-09-02 13:13:45.233,         i = 62        
INFO test 63              AT 2018-09-02 13:13:45.243,         i = 63        
INFO test 64              AT 2018-09-02 13:13:45.253,         i = 64        
INFO test 65              AT 2018-09-02 13:13:45.263,         i = 65        
INFO test 66              AT 2018-09-02 13:13:45.273,         i = 66        
INFO test 67              AT 2018-09-02 13:13:45.283,         i = 67        
INFO test 68              AT 2018-09-02 13:13:45.293,         i = 68        
INFO test 69              AT 2018-09-02 13:13:45.303,         i = 69        
INFO test 70              AT 2018-09-02 13:13:45.313,         i = 70        
INFO test 71              AT 2018-09-02 13:13:45.323,         i = 71        
INFO test 72              AT 2018-09-02 13:13:45.333,         i = 72        
INFO test 73              AT 2018-09-02 13:13:45.343,         i = 73        
INFO test 74              AT 2018-09-02 13:13:45.353,         i = 74        
INFO test 75              AT 2018-09-02 13:13:45.363,         i = 75        
INFO test 76              AT 2018-09-02 13:13:45.373,         i = 76        
INFO test 77              AT 2018-09-02 13:13:45.383,         i = 77        
INFO test 78              AT 2018-09-02 13:13:45.393,         i = 78        
INFO test 79              AT 2018-09-02 13:13:45.403,         i = 79        
INFO test 80              AT 2018-09-02 13:13:45.413,         i = 80        
INFO test 81              AT 2018-09-02 13:13:45.423,         i = 81        
INFO test 82              AT 2018-09-02 13:13:45.433,         i = 82        
INFO test 83              AT 2018-09-02 13:13:45.443,         i = 83        
INFO test 84              AT 2018-09-02 13:13:45.453,         i = 84        
INFO test 85              AT 2018-09-02 13:13:45.463,         i = 85        
INFO test 86              AT 2018-09-02 13:13:45.473,         i = 86        
INFO test 87              AT 2018-09-02 13:13:45.483,         i = 87        
INFO test 88              AT 2018-09-02 13:13:45.493,         i = 88        
INFO test 89              AT 2018-09-02 13:13:45.503,         i = 89        
INFO test 90              AT 2018-09-02 13:13:45.513,         i = 90        
INFO test 91              AT 2018-09-02 13:13:45.523,         i = 91        
INFO test 92              AT 2018-09-02 13:13:45.533,         i = 92        
INFO test 93              AT 2018-09-02 13:13:45.543,         i = 93        
INFO test 94              AT 2018-09-02 13:13:45.553,         i = 94        
INFO test 95              AT 2018-09-02 13:13:45.563,         i = 95        
INFO test 96              AT 2018-09-02 13:13:45.573,         i = 96        
INFO test 97              AT 2018-09-02 13:13:45.583,         i = 97        
INFO test 98              AT 2018-09-02 13:13:45.593,         i = 98        
INFO test 99              AT 2018-09-02 13:13:45.603,         i = 99        
