INFO Logger Running       AT 2018-09-05 22:50:00.602
WARNING test 0               AT 2018-09-05 22:50:00.604,         i = 0         
WARNING test 1               AT 2018-09-05 22:50:00.615,         i = 1         
WARNING test 2               AT 2018-09-05 22:50:00.625,         i = 2         
WARNING test 3               AT 2018-09-05 22:50:00.635,         i = 3         
WARNING test 4               AT 2018-09-05 22:50:00.645,         i = 4         
WARNING test 5               AT 2018-09-05 22:50:00.655,         i = 5         
WARNING test 6               AT 2018-09-05 22:50:00.665,         i = 6         
WARNING test 7               AT 2018-09-05 22:50:00.675,         i = 7         
WARNING test 8               AT 2018-09-05 22:50:00.685,         i = 8         
WARNING test 9               AT 2018-09-05 22:50:00.695,         i = 9         
WARNING test 10              AT 2018-09-05 22:50:00.705,         i = 10        
WARNING test 11              AT 2018-09-05 22:50:00.715,         i = 11        
WARNING test 12              AT 2018-09-05 22:50:00.725,         i = 12        
WARNING test 13              AT 2018-09-05 22:50:00.735,         i = 13        
WARNING test 14              AT 2018-09-05 22:50:00.745,         i = 14        
WARNING test 15              AT 2018-09-05 22:50:00.755,         i = 15        
WARNING test 16              AT 2018-09-05 22:50:00.765,         i = 16        
WARNING test 17              AT 2018-09-05 22:50:00.775,         i = 17        
WARNING test 18              AT 2018-09-05 22:50:00.785,         i = 18        
WARNING test 19              AT 2018-09-05 22:50:00.795,         i = 19        
WARNING test 20              AT 2018-09-05 22:50:00.805,         i = 20        
WARNING test 21              AT 2018-09-05 22:50:00.815,         i = 21        
WARNING test 22              AT 2018-09-05 22:50:00.825,         i = 22        
WARNING test 23              AT 2018-09-05 22:50:00.835,         i = 23        
WARNING test 24              AT 2018-09-05 22:50:00.845,         i = 24        
WARNING test 25              AT 2018-09-05 22:50:00.855,         i = 25        
WARNING test 26              AT 2018-09-05 22:50:00.865,         i = 26        
WARNING test 27              AT 2018-09-05 22:50:00.875,         i = 27        
WARNING test 28              AT 2018-09-05 22:50:00.885,         i = 28        
WARNING test 29              AT 2018-09-05 22:50:00.895,         i = 29        
WARNING test 30              AT 2018-09-05 22:50:00.905,         i = 30        
WARNING test 31              AT 2018-09-05 22:50:00.915,         i = 31        
WARNING test 32              AT 2018-09-05 22:50:00.925,         i = 32        
WARNING test 33              AT 2018-09-05 22:50:00.935,         i = 33        
WARNING test 34              AT 2018-09-05 22:50:00.945,         i = 34        
WARNING test 35              AT 2018-09-05 22:50:00.955,         i = 35        
WARNING test 36              AT 2018-09-05 22:50:00.965,         i = 36        
WARNING test 37              AT 2018-09-05 22:50:00.975,         i = 37        
WARNING test 38              AT 2018-09-05 22:50:00.985,         i = 38        
WARNING test 39              AT 2018-09-05 22:50:00.995,         i = 39        
WARNING test 40              AT 2018-09-05 22:50:01.5  ,         i = 40        
WARNING test 41              AT 2018-09-05 22:50:01.15 ,         i = 41        
WARNING test 42              AT 2018-09-05 22:50:01.25 ,         i = 42        
WARNING test 43              AT 2018-09-05 22:50:01.35 ,         i = 43        
WARNING test 44              AT 2018-09-05 22:50:01.45 ,         i = 44        
WARNING test 45              AT 2018-09-05 22:50:01.55 ,         i = 45        
WARNING test 46              AT 2018-09-05 22:50:01.65 ,         i = 46        
WARNING test 47              AT 2018-09-05 22:50:01.75 ,         i = 47        
WARNING test 48              AT 2018-09-05 22:50:01.85 ,         i = 48        
WARNING test 49              AT 2018-09-05 22:50:01.95 ,         i = 49        
WARNING test 50              AT 2018-09-05 22:50:01.105,         i = 50        
WARNING test 51              AT 2018-09-05 22:50:01.115,         i = 51        
WARNING test 52              AT 2018-09-05 22:50:01.125,         i = 52        
WARNING test 53              AT 2018-09-05 22:50:01.135,         i = 53        
WARNING test 54              AT 2018-09-05 22:50:01.145,         i = 54        
WARNING test 55              AT 2018-09-05 22:50:01.155,         i = 55        
WARNING test 56              AT 2018-09-05 22:50:01.165,         i = 56        
WARNING test 57              AT 2018-09-05 22:50:01.175,         i = 57        
WARNING test 58              AT 2018-09-05 22:50:01.185,         i = 58        
WARNING test 59              AT 2018-09-05 22:50:01.195,         i = 59        
WARNING test 60              AT 2018-09-05 22:50:01.205,         i = 60        
WARNING test 61              AT 2018-09-05 22:50:01.215,         i = 61        
WARNING test 62              AT 2018-09-05 22:50:01.225,         i = 62        
WARNING test 63              AT 2018-09-05 22:50:01.235,         i = 63        
WARNING test 64              AT 2018-09-05 22:50:01.245,         i = 64        
WARNING test 65              AT 2018-09-05 22:50:01.255,         i = 65        
WARNING test 66              AT 2018-09-05 22:50:01.265,         i = 66        
WARNING test 67              AT 2018-09-05 22:50:01.275,         i = 67        
WARNING test 68              AT 2018-09-05 22:50:01.285,         i = 68        
WARNING test 69              AT 2018-09-05 22:50:01.295,         i = 69        
WARNING test 70              AT 2018-09-05 22:50:01.305,         i = 70        
WARNING test 71              AT 2018-09-05 22:50:01.315,         i = 71        
WARNING test 72              AT 2018-09-05 22:50:01.325,         i = 72        
WARNING test 73              AT 2018-09-05 22:50:01.335,         i = 73        
WARNING test 74              AT 2018-09-05 22:50:01.345,         i = 74        
WARNING test 75              AT 2018-09-05 22:50:01.355,         i = 75        
WARNING test 76              AT 2018-09-05 22:50:01.365,         i = 76        
WARNING test 77              AT 2018-09-05 22:50:01.375,         i = 77        
WARNING test 78              AT 2018-09-05 22:50:01.385,         i = 78        
WARNING test 79              AT 2018-09-05 22:50:01.395,         i = 79        
WARNING test 80              AT 2018-09-05 22:50:01.405,         i = 80        
WARNING test 81              AT 2018-09-05 22:50:01.415,         i = 81        
WARNING test 82              AT 2018-09-05 22:50:01.425,         i = 82        
WARNING test 83              AT 2018-09-05 22:50:01.435,         i = 83        
WARNING test 84              AT 2018-09-05 22:50:01.445,         i = 84        
WARNING test 85              AT 2018-09-05 22:50:01.455,         i = 85        
WARNING test 86              AT 2018-09-05 22:50:01.465,         i = 86        
WARNING test 87              AT 2018-09-05 22:50:01.475,         i = 87        
WARNING test 88              AT 2018-09-05 22:50:01.485,         i = 88        
WARNING test 89              AT 2018-09-05 22:50:01.495,         i = 89        
WARNING test 90              AT 2018-09-05 22:50:01.505,         i = 90        
WARNING test 91              AT 2018-09-05 22:50:01.515,         i = 91        
WARNING test 92              AT 2018-09-05 22:50:01.525,         i = 92        
WARNING test 93              AT 2018-09-05 22:50:01.535,         i = 93        
WARNING test 94              AT 2018-09-05 22:50:01.545,         i = 94        
WARNING test 95              AT 2018-09-05 22:50:01.555,         i = 95        
WARNING test 96              AT 2018-09-05 22:50:01.565,         i = 96        
WARNING test 97              AT 2018-09-05 22:50:01.575,         i = 97        
WARNING test 98              AT 2018-09-05 22:50:01.585,         i = 98        
WARNING test 99              AT 2018-09-05 22:50:01.595,         i = 99        
