INFO Logger Running       AT 2018-09-05 22:53:44.540
WARNING test 0               AT 2018-09-05 22:53:44.542,         i = 0         
WARNING test 1               AT 2018-09-05 22:53:44.553,         i = 1         
WARNING test 2               AT 2018-09-05 22:53:44.563,         i = 2         
WARNING test 3               AT 2018-09-05 22:53:44.573,         i = 3         
WARNING test 4               AT 2018-09-05 22:53:44.583,         i = 4         
WARNING test 5               AT 2018-09-05 22:53:44.593,         i = 5         
WARNING test 6               AT 2018-09-05 22:53:44.603,         i = 6         
WARNING test 7               AT 2018-09-05 22:53:44.613,         i = 7         
WARNING test 8               AT 2018-09-05 22:53:44.623,         i = 8         
WARNING test 9               AT 2018-09-05 22:53:44.633,         i = 9         
WARNING test 10              AT 2018-09-05 22:53:44.643,         i = 10        
WARNING test 11              AT 2018-09-05 22:53:44.653,         i = 11        
WARNING test 12              AT 2018-09-05 22:53:44.663,         i = 12        
WARNING test 13              AT 2018-09-05 22:53:44.673,         i = 13        
WARNING test 14              AT 2018-09-05 22:53:44.683,         i = 14        
WARNING test 15              AT 2018-09-05 22:53:44.693,         i = 15        
WARNING test 16              AT 2018-09-05 22:53:44.703,         i = 16        
WARNING test 17              AT 2018-09-05 22:53:44.713,         i = 17        
WARNING test 18              AT 2018-09-05 22:53:44.723,         i = 18        
WARNING test 19              AT 2018-09-05 22:53:44.733,         i = 19        
WARNING test 20              AT 2018-09-05 22:53:44.743,         i = 20        
WARNING test 21              AT 2018-09-05 22:53:44.753,         i = 21        
WARNING test 22              AT 2018-09-05 22:53:44.763,         i = 22        
WARNING test 23              AT 2018-09-05 22:53:44.773,         i = 23        
WARNING test 24              AT 2018-09-05 22:53:44.783,         i = 24        
WARNING test 25              AT 2018-09-05 22:53:44.793,         i = 25        
WARNING test 26              AT 2018-09-05 22:53:44.803,         i = 26        
WARNING test 27              AT 2018-09-05 22:53:44.813,         i = 27        
WARNING test 28              AT 2018-09-05 22:53:44.823,         i = 28        
WARNING test 29              AT 2018-09-05 22:53:44.833,         i = 29        
WARNING test 30              AT 2018-09-05 22:53:44.843,         i = 30        
WARNING test 31              AT 2018-09-05 22:53:44.853,         i = 31        
WARNING test 32              AT 2018-09-05 22:53:44.863,         i = 32        
WARNING test 33              AT 2018-09-05 22:53:44.873,         i = 33        
WARNING test 34              AT 2018-09-05 22:53:44.883,         i = 34        
WARNING test 35              AT 2018-09-05 22:53:44.893,         i = 35        
WARNING test 36              AT 2018-09-05 22:53:44.903,         i = 36        
WARNING test 37              AT 2018-09-05 22:53:44.913,         i = 37        
WARNING test 38              AT 2018-09-05 22:53:44.923,         i = 38        
WARNING test 39              AT 2018-09-05 22:53:44.933,         i = 39        
WARNING test 40              AT 2018-09-05 22:53:44.943,         i = 40        
WARNING test 41              AT 2018-09-05 22:53:44.953,         i = 41        
WARNING test 42              AT 2018-09-05 22:53:44.963,         i = 42        
WARNING test 43              AT 2018-09-05 22:53:44.973,         i = 43        
WARNING test 44              AT 2018-09-05 22:53:44.983,         i = 44        
WARNING test 45              AT 2018-09-05 22:53:44.993,         i = 45        
WARNING test 46              AT 2018-09-05 22:53:45.3  ,         i = 46        
WARNING test 47              AT 2018-09-05 22:53:45.13 ,         i = 47        
WARNING test 48              AT 2018-09-05 22:53:45.23 ,         i = 48        
WARNING test 49              AT 2018-09-05 22:53:45.33 ,         i = 49        
WARNING test 50              AT 2018-09-05 22:53:45.43 ,         i = 50        
WARNING test 51              AT 2018-09-05 22:53:45.53 ,         i = 51        
WARNING test 52              AT 2018-09-05 22:53:45.63 ,         i = 52        
WARNING test 53              AT 2018-09-05 22:53:45.73 ,         i = 53        
WARNING test 54              AT 2018-09-05 22:53:45.83 ,         i = 54        
WARNING test 55              AT 2018-09-05 22:53:45.93 ,         i = 55        
WARNING test 56              AT 2018-09-05 22:53:45.103,         i = 56        
WARNING test 57              AT 2018-09-05 22:53:45.113,         i = 57        
WARNING test 58              AT 2018-09-05 22:53:45.123,         i = 58        
WARNING test 59              AT 2018-09-05 22:53:45.133,         i = 59        
WARNING test 60              AT 2018-09-05 22:53:45.143,         i = 60        
WARNING test 61              AT 2018-09-05 22:53:45.153,         i = 61        
WARNING test 62              AT 2018-09-05 22:53:45.163,         i = 62        
WARNING test 63              AT 2018-09-05 22:53:45.173,         i = 63        
WARNING test 64              AT 2018-09-05 22:53:45.183,         i = 64        
WARNING test 65              AT 2018-09-05 22:53:45.193,         i = 65        
WARNING test 66              AT 2018-09-05 22:53:45.203,         i = 66        
WARNING test 67              AT 2018-09-05 22:53:45.213,         i = 67        
WARNING test 68              AT 2018-09-05 22:53:45.223,         i = 68        
WARNING test 69              AT 2018-09-05 22:53:45.233,         i = 69        
WARNING test 70              AT 2018-09-05 22:53:45.243,         i = 70        
WARNING test 71              AT 2018-09-05 22:53:45.253,         i = 71        
WARNING test 72              AT 2018-09-05 22:53:45.263,         i = 72        
WARNING test 73              AT 2018-09-05 22:53:45.273,         i = 73        
WARNING test 74              AT 2018-09-05 22:53:45.283,         i = 74        
WARNING test 75              AT 2018-09-05 22:53:45.293,         i = 75        
WARNING test 76              AT 2018-09-05 22:53:45.303,         i = 76        
WARNING test 77              AT 2018-09-05 22:53:45.313,         i = 77        
WARNING test 78              AT 2018-09-05 22:53:45.323,         i = 78        
WARNING test 79              AT 2018-09-05 22:53:45.333,         i = 79        
WARNING test 80              AT 2018-09-05 22:53:45.343,         i = 80        
WARNING test 81              AT 2018-09-05 22:53:45.353,         i = 81        
WARNING test 82              AT 2018-09-05 22:53:45.363,         i = 82        
WARNING test 83              AT 2018-09-05 22:53:45.373,         i = 83        
WARNING test 84              AT 2018-09-05 22:53:45.383,         i = 84        
WARNING test 85              AT 2018-09-05 22:53:45.393,         i = 85        
WARNING test 86              AT 2018-09-05 22:53:45.403,         i = 86        
WARNING test 87              AT 2018-09-05 22:53:45.413,         i = 87        
WARNING test 88              AT 2018-09-05 22:53:45.423,         i = 88        
WARNING test 89              AT 2018-09-05 22:53:45.433,         i = 89        
WARNING test 90              AT 2018-09-05 22:53:45.443,         i = 90        
WARNING test 91              AT 2018-09-05 22:53:45.453,         i = 91        
WARNING test 92              AT 2018-09-05 22:53:45.463,         i = 92        
WARNING test 93              AT 2018-09-05 22:53:45.473,         i = 93        
WARNING test 94              AT 2018-09-05 22:53:45.483,         i = 94        
WARNING test 95              AT 2018-09-05 22:53:45.493,         i = 95        
WARNING test 96              AT 2018-09-05 22:53:45.503,         i = 96        
WARNING test 97              AT 2018-09-05 22:53:45.513,         i = 97        
WARNING test 98              AT 2018-09-05 22:53:45.523,         i = 98        
WARNING test 99              AT 2018-09-05 22:53:45.533,         i = 99        
