INFO Logger Running       AT 2018-09-01 15:03:30.803
INFO test 0               AT 2018-09-01 15:03:30.805,         i = 0         
INFO test 1               AT 2018-09-01 15:03:30.816,         i = 1         
INFO test 2               AT 2018-09-01 15:03:30.826,         i = 2         
INFO test 3               AT 2018-09-01 15:03:30.837,         i = 3         
INFO test 4               AT 2018-09-01 15:03:30.848,         i = 4         
INFO test 5               AT 2018-09-01 15:03:30.859,         i = 5         
INFO test 6               AT 2018-09-01 15:03:30.870,         i = 6         
INFO test 7               AT 2018-09-01 15:03:30.881,         i = 7         
INFO test 8               AT 2018-09-01 15:03:30.892,         i = 8         
INFO test 9               AT 2018-09-01 15:03:30.903,         i = 9         
INFO test 10              AT 2018-09-01 15:03:30.913,         i = 10        
INFO test 11              AT 2018-09-01 15:03:30.924,         i = 11        
INFO test 12              AT 2018-09-01 15:03:30.935,         i = 12        
INFO test 13              AT 2018-09-01 15:03:30.946,         i = 13        
INFO test 14              AT 2018-09-01 15:03:30.957,         i = 14        
INFO test 15              AT 2018-09-01 15:03:30.968,         i = 15        
INFO test 16              AT 2018-09-01 15:03:30.978,         i = 16        
INFO test 17              AT 2018-09-01 15:03:30.989,         i = 17        
INFO test 18              AT 2018-09-01 15:03:31.0  ,         i = 18        
INFO test 19              AT 2018-09-01 15:03:31.11 ,         i = 19        
INFO test 20              AT 2018-09-01 15:03:31.22 ,         i = 20        
INFO test 21              AT 2018-09-01 15:03:31.32 ,         i = 21        
INFO test 22              AT 2018-09-01 15:03:31.43 ,         i = 22        
INFO test 23              AT 2018-09-01 15:03:31.54 ,         i = 23        
INFO test 24              AT 2018-09-01 15:03:31.64 ,         i = 24        
INFO test 25              AT 2018-09-01 15:03:31.75 ,         i = 25        
INFO test 26              AT 2018-09-01 15:03:31.86 ,         i = 26        
INFO test 27              AT 2018-09-01 15:03:31.97 ,         i = 27        
INFO test 28              AT 2018-09-01 15:03:31.108,         i = 28        
INFO test 29              AT 2018-09-01 15:03:31.118,         i = 29        
INFO test 30              AT 2018-09-01 15:03:31.129,         i = 30        
INFO test 31              AT 2018-09-01 15:03:31.140,         i = 31        
INFO test 32              AT 2018-09-01 15:03:31.150,         i = 32        
INFO test 33              AT 2018-09-01 15:03:31.161,         i = 33        
INFO test 34              AT 2018-09-01 15:03:31.172,         i = 34        
INFO test 35              AT 2018-09-01 15:03:31.183,         i = 35        
INFO test 36              AT 2018-09-01 15:03:31.193,         i = 36        
INFO test 37              AT 2018-09-01 15:03:31.204,         i = 37        
INFO test 38              AT 2018-09-01 15:03:31.215,         i = 38        
INFO test 39              AT 2018-09-01 15:03:31.226,         i = 39        
INFO test 40              AT 2018-09-01 15:03:31.237,         i = 40        
INFO test 41              AT 2018-09-01 15:03:31.247,         i = 41        
INFO test 42              AT 2018-09-01 15:03:31.258,         i = 42        
INFO test 43              AT 2018-09-01 15:03:31.268,         i = 43        
INFO test 44              AT 2018-09-01 15:03:31.279,         i = 44        
INFO test 45              AT 2018-09-01 15:03:31.290,         i = 45        
INFO test 46              AT 2018-09-01 15:03:31.300,         i = 46        
INFO test 47              AT 2018-09-01 15:03:31.311,         i = 47        
INFO test 48              AT 2018-09-01 15:03:31.321,         i = 48        
INFO test 49              AT 2018-09-01 15:03:31.332,         i = 49        
INFO test 50              AT 2018-09-01 15:03:31.342,         i = 50        
INFO test 51              AT 2018-09-01 15:03:31.353,         i = 51        
INFO test 52              AT 2018-09-01 15:03:31.364,         i = 52        
INFO test 53              AT 2018-09-01 15:03:31.374,         i = 53        
INFO test 54              AT 2018-09-01 15:03:31.385,         i = 54        
INFO test 55              AT 2018-09-01 15:03:31.395,         i = 55        
INFO test 56              AT 2018-09-01 15:03:31.406,         i = 56        
INFO test 57              AT 2018-09-01 15:03:31.417,         i = 57        
INFO test 58              AT 2018-09-01 15:03:31.427,         i = 58        
INFO test 59              AT 2018-09-01 15:03:31.438,         i = 59        
INFO test 60              AT 2018-09-01 15:03:31.448,         i = 60        
INFO test 61              AT 2018-09-01 15:03:31.459,         i = 61        
INFO test 62              AT 2018-09-01 15:03:31.470,         i = 62        
INFO test 63              AT 2018-09-01 15:03:31.480,         i = 63        
INFO test 64              AT 2018-09-01 15:03:31.491,         i = 64        
INFO test 65              AT 2018-09-01 15:03:31.501,         i = 65        
INFO test 66              AT 2018-09-01 15:03:31.512,         i = 66        
INFO test 67              AT 2018-09-01 15:03:31.523,         i = 67        
INFO test 68              AT 2018-09-01 15:03:31.533,         i = 68        
INFO test 69              AT 2018-09-01 15:03:31.544,         i = 69        
INFO test 70              AT 2018-09-01 15:03:31.554,         i = 70        
INFO test 71              AT 2018-09-01 15:03:31.565,         i = 71        
INFO test 72              AT 2018-09-01 15:03:31.575,         i = 72        
INFO test 73              AT 2018-09-01 15:03:31.585,         i = 73        
INFO test 74              AT 2018-09-01 15:03:31.596,         i = 74        
INFO test 75              AT 2018-09-01 15:03:31.606,         i = 75        
INFO test 76              AT 2018-09-01 15:03:31.617,         i = 76        
INFO test 77              AT 2018-09-01 15:03:31.628,         i = 77        
INFO test 78              AT 2018-09-01 15:03:31.638,         i = 78        
INFO test 79              AT 2018-09-01 15:03:31.649,         i = 79        
INFO test 80              AT 2018-09-01 15:03:31.659,         i = 80        
INFO test 81              AT 2018-09-01 15:03:31.670,         i = 81        
INFO test 82              AT 2018-09-01 15:03:31.680,         i = 82        
INFO test 83              AT 2018-09-01 15:03:31.691,         i = 83        
INFO test 84              AT 2018-09-01 15:03:31.702,         i = 84        
INFO test 85              AT 2018-09-01 15:03:31.712,         i = 85        
INFO test 86              AT 2018-09-01 15:03:31.723,         i = 86        
INFO test 87              AT 2018-09-01 15:03:31.733,         i = 87        
INFO test 88              AT 2018-09-01 15:03:31.744,         i = 88        
INFO test 89              AT 2018-09-01 15:03:31.754,         i = 89        
INFO test 90              AT 2018-09-01 15:03:31.765,         i = 90        
INFO test 91              AT 2018-09-01 15:03:31.775,         i = 91        
INFO test 92              AT 2018-09-01 15:03:31.786,         i = 92        
INFO test 93              AT 2018-09-01 15:03:31.797,         i = 93        
INFO test 94              AT 2018-09-01 15:03:31.807,         i = 94        
INFO test 95              AT 2018-09-01 15:03:31.818,         i = 95        
INFO test 96              AT 2018-09-01 15:03:31.828,         i = 96        
INFO test 97              AT 2018-09-01 15:03:31.838,         i = 97        
INFO test 98              AT 2018-09-01 15:03:31.849,         i = 98        
INFO test 99              AT 2018-09-01 15:03:31.859,         i = 99        
