INFO Logger Running       AT 2018-09-06 09:29:01.403
WARNING test 0               AT 2018-09-06 09:29:01.406,         i = 0         
WARNING test 1               AT 2018-09-06 09:29:01.417,         i = 1         
WARNING test 2               AT 2018-09-06 09:29:01.427,         i = 2         
WARNING test 3               AT 2018-09-06 09:29:01.438,         i = 3         
WARNING test 4               AT 2018-09-06 09:29:01.449,         i = 4         
WARNING test 5               AT 2018-09-06 09:29:01.459,         i = 5         
WARNING test 6               AT 2018-09-06 09:29:01.470,         i = 6         
WARNING test 7               AT 2018-09-06 09:29:01.480,         i = 7         
WARNING test 8               AT 2018-09-06 09:29:01.491,         i = 8         
WARNING test 9               AT 2018-09-06 09:29:01.501,         i = 9         
WARNING test 10              AT 2018-09-06 09:29:01.512,         i = 10        
WARNING test 11              AT 2018-09-06 09:29:01.522,         i = 11        
WARNING test 12              AT 2018-09-06 09:29:01.533,         i = 12        
WARNING test 13              AT 2018-09-06 09:29:01.543,         i = 13        
WARNING test 14              AT 2018-09-06 09:29:01.554,         i = 14        
WARNING test 15              AT 2018-09-06 09:29:01.565,         i = 15        
WARNING test 16              AT 2018-09-06 09:29:01.575,         i = 16        
WARNING test 17              AT 2018-09-06 09:29:01.586,         i = 17        
WARNING test 18              AT 2018-09-06 09:29:01.597,         i = 18        
WARNING test 19              AT 2018-09-06 09:29:01.607,         i = 19        
WARNING test 20              AT 2018-09-06 09:29:01.618,         i = 20        
WARNING test 21              AT 2018-09-06 09:29:01.628,         i = 21        
WARNING test 22              AT 2018-09-06 09:29:01.638,         i = 22        
WARNING test 23              AT 2018-09-06 09:29:01.649,         i = 23        
WARNING test 24              AT 2018-09-06 09:29:01.659,         i = 24        
WARNING test 25              AT 2018-09-06 09:29:01.670,         i = 25        
WARNING test 26              AT 2018-09-06 09:29:01.680,         i = 26        
WARNING test 27              AT 2018-09-06 09:29:01.691,         i = 27        
WARNING test 28              AT 2018-09-06 09:29:01.701,         i = 28        
WARNING test 29              AT 2018-09-06 09:29:01.712,         i = 29        
WARNING test 30              AT 2018-09-06 09:29:01.722,         i = 30        
WARNING test 31              AT 2018-09-06 09:29:01.732,         i = 31        
WARNING test 32              AT 2018-09-06 09:29:01.743,         i = 32        
WARNING test 33              AT 2018-09-06 09:29:01.753,         i = 33        
WARNING test 34              AT 2018-09-06 09:29:01.764,         i = 34        
WARNING test 35              AT 2018-09-06 09:29:01.774,         i = 35        
WARNING test 36              AT 2018-09-06 09:29:01.785,         i = 36        
WARNING test 37              AT 2018-09-06 09:29:01.795,         i = 37        
WARNING test 38              AT 2018-09-06 09:29:01.805,         i = 38        
WARNING test 39              AT 2018-09-06 09:29:01.816,         i = 39        
WARNING test 40              AT 2018-09-06 09:29:01.826,         i = 40        
WARNING test 41              AT 2018-09-06 09:29:01.837,         i = 41        
WARNING test 42              AT 2018-09-06 09:29:01.847,         i = 42        
WARNING test 43              AT 2018-09-06 09:29:01.858,         i = 43        
WARNING test 44              AT 2018-09-06 09:29:01.868,         i = 44        
WARNING test 45              AT 2018-09-06 09:29:01.878,         i = 45        
WARNING test 46              AT 2018-09-06 09:29:01.889,         i = 46        
WARNING test 47              AT 2018-09-06 09:29:01.899,         i = 47        
WARNING test 48              AT 2018-09-06 09:29:01.909,         i = 48        
WARNING test 49              AT 2018-09-06 09:29:01.920,         i = 49        
WARNING test 50              AT 2018-09-06 09:29:01.930,         i = 50        
WARNING test 51              AT 2018-09-06 09:29:01.941,         i = 51        
WARNING test 52              AT 2018-09-06 09:29:01.951,         i = 52        
WARNING test 53              AT 2018-09-06 09:29:01.961,         i = 53        
WARNING test 54              AT 2018-09-06 09:29:01.972,         i = 54        
WARNING test 55              AT 2018-09-06 09:29:01.982,         i = 55        
WARNING test 56              AT 2018-09-06 09:29:01.993,         i = 56        
WARNING test 57              AT 2018-09-06 09:29:02.3  ,         i = 57        
WARNING test 58              AT 2018-09-06 09:29:02.14 ,         i = 58        
WARNING test 59              AT 2018-09-06 09:29:02.24 ,         i = 59        
WARNING test 60              AT 2018-09-06 09:29:02.35 ,         i = 60        
WARNING test 61              AT 2018-09-06 09:29:02.45 ,         i = 61        
WARNING test 62              AT 2018-09-06 09:29:02.56 ,         i = 62        
WARNING test 63              AT 2018-09-06 09:29:02.66 ,         i = 63        
WARNING test 64              AT 2018-09-06 09:29:02.76 ,         i = 64        
WARNING test 65              AT 2018-09-06 09:29:02.86 ,         i = 65        
WARNING test 66              AT 2018-09-06 09:29:02.97 ,         i = 66        
WARNING test 67              AT 2018-09-06 09:29:02.107,         i = 67        
WARNING test 68              AT 2018-09-06 09:29:02.117,         i = 68        
WARNING test 69              AT 2018-09-06 09:29:02.128,         i = 69        
WARNING test 70              AT 2018-09-06 09:29:02.138,         i = 70        
WARNING test 71              AT 2018-09-06 09:29:02.148,         i = 71        
WARNING test 72              AT 2018-09-06 09:29:02.159,         i = 72        
WARNING test 73              AT 2018-09-06 09:29:02.169,         i = 73        
WARNING test 74              AT 2018-09-06 09:29:02.179,         i = 74        
WARNING test 75              AT 2018-09-06 09:29:02.190,         i = 75        
WARNING test 76              AT 2018-09-06 09:29:02.200,         i = 76        
WARNING test 77              AT 2018-09-06 09:29:02.211,         i = 77        
WARNING test 78              AT 2018-09-06 09:29:02.221,         i = 78        
WARNING test 79              AT 2018-09-06 09:29:02.231,         i = 79        
WARNING test 80              AT 2018-09-06 09:29:02.242,         i = 80        
WARNING test 81              AT 2018-09-06 09:29:02.252,         i = 81        
WARNING test 82              AT 2018-09-06 09:29:02.263,         i = 82        
WARNING test 83              AT 2018-09-06 09:29:02.273,         i = 83        
WARNING test 84              AT 2018-09-06 09:29:02.284,         i = 84        
WARNING test 85              AT 2018-09-06 09:29:02.294,         i = 85        
WARNING test 86              AT 2018-09-06 09:29:02.304,         i = 86        
WARNING test 87              AT 2018-09-06 09:29:02.315,         i = 87        
WARNING test 88              AT 2018-09-06 09:29:02.325,         i = 88        
WARNING test 89              AT 2018-09-06 09:29:02.335,         i = 89        
WARNING test 90              AT 2018-09-06 09:29:02.346,         i = 90        
WARNING test 91              AT 2018-09-06 09:29:02.356,         i = 91        
WARNING test 92              AT 2018-09-06 09:29:02.366,         i = 92        
WARNING test 93              AT 2018-09-06 09:29:02.377,         i = 93        
WARNING test 94              AT 2018-09-06 09:29:02.387,         i = 94        
WARNING test 95              AT 2018-09-06 09:29:02.398,         i = 95        
WARNING test 96              AT 2018-09-06 09:29:02.408,         i = 96        
WARNING test 97              AT 2018-09-06 09:29:02.418,         i = 97        
WARNING test 98              AT 2018-09-06 09:29:02.429,         i = 98        
WARNING test 99              AT 2018-09-06 09:29:02.439,         i = 99        
