INFO Logger Running       AT 2018-09-01 15:03:20.837
INFO test 0               AT 2018-09-01 15:03:20.840,         i = 0         
INFO test 1               AT 2018-09-01 15:03:20.850,         i = 1         
INFO test 2               AT 2018-09-01 15:03:20.860,         i = 2         
INFO test 3               AT 2018-09-01 15:03:20.871,         i = 3         
INFO test 4               AT 2018-09-01 15:03:20.881,         i = 4         
INFO test 5               AT 2018-09-01 15:03:20.892,         i = 5         
INFO test 6               AT 2018-09-01 15:03:20.902,         i = 6         
INFO test 7               AT 2018-09-01 15:03:20.913,         i = 7         
INFO test 8               AT 2018-09-01 15:03:20.923,         i = 8         
INFO test 9               AT 2018-09-01 15:03:20.934,         i = 9         
INFO test 10              AT 2018-09-01 15:03:20.945,         i = 10        
INFO test 11              AT 2018-09-01 15:03:20.955,         i = 11        
INFO test 12              AT 2018-09-01 15:03:20.966,         i = 12        
INFO test 13              AT 2018-09-01 15:03:20.977,         i = 13        
INFO test 14              AT 2018-09-01 15:03:20.987,         i = 14        
INFO test 15              AT 2018-09-01 15:03:20.997,         i = 15        
INFO test 16              AT 2018-09-01 15:03:21.8  ,         i = 16        
INFO test 17              AT 2018-09-01 15:03:21.19 ,         i = 17        
INFO test 18              AT 2018-09-01 15:03:21.29 ,         i = 18        
INFO test 19              AT 2018-09-01 15:03:21.40 ,         i = 19        
INFO test 20              AT 2018-09-01 15:03:21.50 ,         i = 20        
INFO test 21              AT 2018-09-01 15:03:21.61 ,         i = 21        
INFO test 22              AT 2018-09-01 15:03:21.71 ,         i = 22        
INFO test 23              AT 2018-09-01 15:03:21.81 ,         i = 23        
INFO test 24              AT 2018-09-01 15:03:21.92 ,         i = 24        
INFO test 25              AT 2018-09-01 15:03:21.102,         i = 25        
INFO test 26              AT 2018-09-01 15:03:21.113,         i = 26        
INFO test 27              AT 2018-09-01 15:03:21.124,         i = 27        
INFO test 28              AT 2018-09-01 15:03:21.134,         i = 28        
INFO test 29              AT 2018-09-01 15:03:21.144,         i = 29        
INFO test 30              AT 2018-09-01 15:03:21.155,         i = 30        
INFO test 31              AT 2018-09-01 15:03:21.165,         i = 31        
INFO test 32              AT 2018-09-01 15:03:21.176,         i = 32        
INFO test 33              AT 2018-09-01 15:03:21.186,         i = 33        
INFO test 34              AT 2018-09-01 15:03:21.197,         i = 34        
INFO test 35              AT 2018-09-01 15:03:21.207,         i = 35        
INFO test 36              AT 2018-09-01 15:03:21.218,         i = 36        
INFO test 37              AT 2018-09-01 15:03:21.229,         i = 37        
INFO test 38              AT 2018-09-01 15:03:21.239,         i = 38        
INFO test 39              AT 2018-09-01 15:03:21.250,         i = 39        
INFO test 40              AT 2018-09-01 15:03:21.260,         i = 40        
INFO test 41              AT 2018-09-01 15:03:21.271,         i = 41        
INFO test 42              AT 2018-09-01 15:03:21.282,         i = 42        
INFO test 43              AT 2018-09-01 15:03:21.292,         i = 43        
INFO test 44              AT 2018-09-01 15:03:21.303,         i = 44        
INFO test 45              AT 2018-09-01 15:03:21.313,         i = 45        
INFO test 46              AT 2018-09-01 15:03:21.324,         i = 46        
INFO test 47              AT 2018-09-01 15:03:21.334,         i = 47        
INFO test 48              AT 2018-09-01 15:03:21.345,         i = 48        
INFO test 49              AT 2018-09-01 15:03:21.356,         i = 49        
INFO test 50              AT 2018-09-01 15:03:21.366,         i = 50        
INFO test 51              AT 2018-09-01 15:03:21.377,         i = 51        
INFO test 52              AT 2018-09-01 15:03:21.388,         i = 52        
INFO test 53              AT 2018-09-01 15:03:21.398,         i = 53        
INFO test 54              AT 2018-09-01 15:03:21.409,         i = 54        
INFO test 55              AT 2018-09-01 15:03:21.420,         i = 55        
INFO test 56              AT 2018-09-01 15:03:21.430,         i = 56        
INFO test 57              AT 2018-09-01 15:03:21.440,         i = 57        
INFO test 58              AT 2018-09-01 15:03:21.451,         i = 58        
INFO test 59              AT 2018-09-01 15:03:21.461,         i = 59        
INFO test 60              AT 2018-09-01 15:03:21.472,         i = 60        
INFO test 61              AT 2018-09-01 15:03:21.482,         i = 61        
INFO test 62              AT 2018-09-01 15:03:21.492,         i = 62        
INFO test 63              AT 2018-09-01 15:03:21.503,         i = 63        
INFO test 64              AT 2018-09-01 15:03:21.514,         i = 64        
INFO test 65              AT 2018-09-01 15:03:21.524,         i = 65        
INFO test 66              AT 2018-09-01 15:03:21.535,         i = 66        
INFO test 67              AT 2018-09-01 15:03:21.545,         i = 67        
INFO test 68              AT 2018-09-01 15:03:21.556,         i = 68        
INFO test 69              AT 2018-09-01 15:03:21.567,         i = 69        
INFO test 70              AT 2018-09-01 15:03:21.577,         i = 70        
INFO test 71              AT 2018-09-01 15:03:21.588,         i = 71        
INFO test 72              AT 2018-09-01 15:03:21.598,         i = 72        
INFO test 73              AT 2018-09-01 15:03:21.609,         i = 73        
INFO test 74              AT 2018-09-01 15:03:21.619,         i = 74        
INFO test 75              AT 2018-09-01 15:03:21.630,         i = 75        
INFO test 76              AT 2018-09-01 15:03:21.641,         i = 76        
INFO test 77              AT 2018-09-01 15:03:21.652,         i = 77        
INFO test 78              AT 2018-09-01 15:03:21.662,         i = 78        
INFO test 79              AT 2018-09-01 15:03:21.673,         i = 79        
INFO test 80              AT 2018-09-01 15:03:21.683,         i = 80        
INFO test 81              AT 2018-09-01 15:03:21.694,         i = 81        
INFO test 82              AT 2018-09-01 15:03:21.704,         i = 82        
INFO test 83              AT 2018-09-01 15:03:21.715,         i = 83        
INFO test 84              AT 2018-09-01 15:03:21.726,         i = 84        
INFO test 85              AT 2018-09-01 15:03:21.736,         i = 85        
INFO test 86              AT 2018-09-01 15:03:21.747,         i = 86        
INFO test 87              AT 2018-09-01 15:03:21.757,         i = 87        
INFO test 88              AT 2018-09-01 15:03:21.768,         i = 88        
INFO test 89              AT 2018-09-01 15:03:21.778,         i = 89        
INFO test 90              AT 2018-09-01 15:03:21.789,         i = 90        
INFO test 91              AT 2018-09-01 15:03:21.800,         i = 91        
INFO test 92              AT 2018-09-01 15:03:21.810,         i = 92        
INFO test 93              AT 2018-09-01 15:03:21.821,         i = 93        
INFO test 94              AT 2018-09-01 15:03:21.831,         i = 94        
INFO test 95              AT 2018-09-01 15:03:21.842,         i = 95        
INFO test 96              AT 2018-09-01 15:03:21.852,         i = 96        
INFO test 97              AT 2018-09-01 15:03:21.862,         i = 97        
INFO test 98              AT 2018-09-01 15:03:21.873,         i = 98        
INFO test 99              AT 2018-09-01 15:03:21.883,         i = 99        
