INFO Logger Running       AT 2018-09-05 22:48:26.53
INFO test 0               AT 2018-09-05 22:48:26.56 ,         i = 0         
INFO test 1               AT 2018-09-05 22:48:26.66 ,         i = 1         
INFO test 2               AT 2018-09-05 22:48:26.76 ,         i = 2         
INFO test 3               AT 2018-09-05 22:48:26.86 ,         i = 3         
INFO test 4               AT 2018-09-05 22:48:26.96 ,         i = 4         
INFO test 5               AT 2018-09-05 22:48:26.106,         i = 5         
INFO test 6               AT 2018-09-05 22:48:26.116,         i = 6         
INFO test 7               AT 2018-09-05 22:48:26.126,         i = 7         
INFO test 8               AT 2018-09-05 22:48:26.136,         i = 8         
INFO test 9               AT 2018-09-05 22:48:26.146,         i = 9         
INFO test 10              AT 2018-09-05 22:48:26.156,         i = 10        
INFO test 11              AT 2018-09-05 22:48:26.166,         i = 11        
INFO test 12              AT 2018-09-05 22:48:26.176,         i = 12        
INFO test 13              AT 2018-09-05 22:48:26.186,         i = 13        
INFO test 14              AT 2018-09-05 22:48:26.196,         i = 14        
INFO test 15              AT 2018-09-05 22:48:26.206,         i = 15        
INFO test 16              AT 2018-09-05 22:48:26.216,         i = 16        
INFO test 17              AT 2018-09-05 22:48:26.226,         i = 17        
INFO test 18              AT 2018-09-05 22:48:26.237,         i = 18        
INFO test 19              AT 2018-09-05 22:48:26.247,         i = 19        
INFO test 20              AT 2018-09-05 22:48:26.257,         i = 20        
INFO test 21              AT 2018-09-05 22:48:26.267,         i = 21        
INFO test 22              AT 2018-09-05 22:48:26.277,         i = 22        
INFO test 23              AT 2018-09-05 22:48:26.287,         i = 23        
INFO test 24              AT 2018-09-05 22:48:26.297,         i = 24        
INFO test 25              AT 2018-09-05 22:48:26.307,         i = 25        
INFO test 26              AT 2018-09-05 22:48:26.317,         i = 26        
INFO test 27              AT 2018-09-05 22:48:26.327,         i = 27        
INFO test 28              AT 2018-09-05 22:48:26.337,         i = 28        
INFO test 29              AT 2018-09-05 22:48:26.347,         i = 29        
INFO test 30              AT 2018-09-05 22:48:26.357,         i = 30        
INFO test 31              AT 2018-09-05 22:48:26.367,         i = 31        
INFO test 32              AT 2018-09-05 22:48:26.377,         i = 32        
INFO test 33              AT 2018-09-05 22:48:26.387,         i = 33        
INFO test 34              AT 2018-09-05 22:48:26.397,         i = 34        
INFO test 35              AT 2018-09-05 22:48:26.407,         i = 35        
INFO test 36              AT 2018-09-05 22:48:26.417,         i = 36        
INFO test 37              AT 2018-09-05 22:48:26.427,         i = 37        
INFO test 38              AT 2018-09-05 22:48:26.437,         i = 38        
INFO test 39              AT 2018-09-05 22:48:26.447,         i = 39        
INFO test 40              AT 2018-09-05 22:48:26.457,         i = 40        
INFO test 41              AT 2018-09-05 22:48:26.467,         i = 41        
INFO test 42              AT 2018-09-05 22:48:26.477,         i = 42        
INFO test 43              AT 2018-09-05 22:48:26.487,         i = 43        
INFO test 44              AT 2018-09-05 22:48:26.497,         i = 44        
INFO test 45              AT 2018-09-05 22:48:26.507,         i = 45        
INFO test 46              AT 2018-09-05 22:48:26.517,         i = 46        
INFO test 47              AT 2018-09-05 22:48:26.527,         i = 47        
INFO test 48              AT 2018-09-05 22:48:26.537,         i = 48        
INFO test 49              AT 2018-09-05 22:48:26.547,         i = 49        
INFO test 50              AT 2018-09-05 22:48:26.557,         i = 50        
INFO test 51              AT 2018-09-05 22:48:26.567,         i = 51        
INFO test 52              AT 2018-09-05 22:48:26.577,         i = 52        
INFO test 53              AT 2018-09-05 22:48:26.587,         i = 53        
INFO test 54              AT 2018-09-05 22:48:26.597,         i = 54        
INFO test 55              AT 2018-09-05 22:48:26.607,         i = 55        
INFO test 56              AT 2018-09-05 22:48:26.617,         i = 56        
INFO test 57              AT 2018-09-05 22:48:26.627,         i = 57        
INFO test 58              AT 2018-09-05 22:48:26.637,         i = 58        
INFO test 59              AT 2018-09-05 22:48:26.647,         i = 59        
INFO test 60              AT 2018-09-05 22:48:26.657,         i = 60        
INFO test 61              AT 2018-09-05 22:48:26.667,         i = 61        
INFO test 62              AT 2018-09-05 22:48:26.677,         i = 62        
INFO test 63              AT 2018-09-05 22:48:26.687,         i = 63        
INFO test 64              AT 2018-09-05 22:48:26.697,         i = 64        
INFO test 65              AT 2018-09-05 22:48:26.707,         i = 65        
INFO test 66              AT 2018-09-05 22:48:26.717,         i = 66        
INFO test 67              AT 2018-09-05 22:48:26.727,         i = 67        
INFO test 68              AT 2018-09-05 22:48:26.737,         i = 68        
INFO test 69              AT 2018-09-05 22:48:26.747,         i = 69        
INFO test 70              AT 2018-09-05 22:48:26.757,         i = 70        
INFO test 71              AT 2018-09-05 22:48:26.767,         i = 71        
INFO test 72              AT 2018-09-05 22:48:26.777,         i = 72        
INFO test 73              AT 2018-09-05 22:48:26.787,         i = 73        
INFO test 74              AT 2018-09-05 22:48:26.797,         i = 74        
INFO test 75              AT 2018-09-05 22:48:26.807,         i = 75        
INFO test 76              AT 2018-09-05 22:48:26.817,         i = 76        
INFO test 77              AT 2018-09-05 22:48:26.827,         i = 77        
INFO test 78              AT 2018-09-05 22:48:26.837,         i = 78        
INFO test 79              AT 2018-09-05 22:48:26.847,         i = 79        
INFO test 80              AT 2018-09-05 22:48:26.857,         i = 80        
INFO test 81              AT 2018-09-05 22:48:26.867,         i = 81        
INFO test 82              AT 2018-09-05 22:48:26.877,         i = 82        
INFO test 83              AT 2018-09-05 22:48:26.887,         i = 83        
INFO test 84              AT 2018-09-05 22:48:26.897,         i = 84        
INFO test 85              AT 2018-09-05 22:48:26.907,         i = 85        
INFO test 86              AT 2018-09-05 22:48:26.917,         i = 86        
INFO test 87              AT 2018-09-05 22:48:26.928,         i = 87        
INFO test 88              AT 2018-09-05 22:48:26.938,         i = 88        
INFO test 89              AT 2018-09-05 22:48:26.948,         i = 89        
INFO test 90              AT 2018-09-05 22:48:26.958,         i = 90        
INFO test 91              AT 2018-09-05 22:48:26.968,         i = 91        
INFO test 92              AT 2018-09-05 22:48:26.978,         i = 92        
INFO test 93              AT 2018-09-05 22:48:26.988,         i = 93        
INFO test 94              AT 2018-09-05 22:48:26.998,         i = 94        
INFO test 95              AT 2018-09-05 22:48:27.8  ,         i = 95        
INFO test 96              AT 2018-09-05 22:48:27.18 ,         i = 96        
INFO test 97              AT 2018-09-05 22:48:27.28 ,         i = 97        
INFO test 98              AT 2018-09-05 22:48:27.38 ,         i = 98        
INFO test 99              AT 2018-09-05 22:48:27.48 ,         i = 99        
