INFO Logger Running       AT 2018-09-01 15:02:33.804
INFO test 0               AT 2018-09-01 15:02:33.807 ,          i = 0         
INFO test 1               AT 2018-09-01 15:02:33.818 ,          i = 1         
INFO test 2               AT 2018-09-01 15:02:33.828 ,          i = 2         
INFO test 3               AT 2018-09-01 15:02:33.838 ,          i = 3         
INFO test 4               AT 2018-09-01 15:02:33.849 ,          i = 4         
INFO test 5               AT 2018-09-01 15:02:33.859 ,          i = 5         
INFO test 6               AT 2018-09-01 15:02:33.870 ,          i = 6         
INFO test 7               AT 2018-09-01 15:02:33.881 ,          i = 7         
INFO test 8               AT 2018-09-01 15:02:33.891 ,          i = 8         
INFO test 9               AT 2018-09-01 15:02:33.903 ,          i = 9         
INFO test 10              AT 2018-09-01 15:02:33.914 ,          i = 10        
INFO test 11              AT 2018-09-01 15:02:33.925 ,          i = 11        
INFO test 12              AT 2018-09-01 15:02:33.936 ,          i = 12        
INFO test 13              AT 2018-09-01 15:02:33.947 ,          i = 13        
INFO test 14              AT 2018-09-01 15:02:33.958 ,          i = 14        
INFO test 15              AT 2018-09-01 15:02:33.969 ,          i = 15        
INFO test 16              AT 2018-09-01 15:02:33.980 ,          i = 16        
INFO test 17              AT 2018-09-01 15:02:33.990 ,          i = 17        
INFO test 18              AT 2018-09-01 15:02:34.1   ,          i = 18        
INFO test 19              AT 2018-09-01 15:02:34.14  ,          i = 19        
INFO test 20              AT 2018-09-01 15:02:34.24  ,          i = 20        
INFO test 21              AT 2018-09-01 15:02:34.35  ,          i = 21        
INFO test 22              AT 2018-09-01 15:02:34.46  ,          i = 22        
INFO test 23              AT 2018-09-01 15:02:34.57  ,          i = 23        
INFO test 24              AT 2018-09-01 15:02:34.67  ,          i = 24        
INFO test 25              AT 2018-09-01 15:02:34.79  ,          i = 25        
INFO test 26              AT 2018-09-01 15:02:34.89  ,          i = 26        
INFO test 27              AT 2018-09-01 15:02:34.100 ,          i = 27        
INFO test 28              AT 2018-09-01 15:02:34.111 ,          i = 28        
INFO test 29              AT 2018-09-01 15:02:34.122 ,          i = 29        
INFO test 30              AT 2018-09-01 15:02:34.132 ,          i = 30        
INFO test 31              AT 2018-09-01 15:02:34.143 ,          i = 31        
INFO test 32              AT 2018-09-01 15:02:34.154 ,          i = 32        
INFO test 33              AT 2018-09-01 15:02:34.165 ,          i = 33        
INFO test 34              AT 2018-09-01 15:02:34.175 ,          i = 34        
INFO test 35              AT 2018-09-01 15:02:34.186 ,          i = 35        
INFO test 36              AT 2018-09-01 15:02:34.197 ,          i = 36        
INFO test 37              AT 2018-09-01 15:02:34.207 ,          i = 37        
INFO test 38              AT 2018-09-01 15:02:34.218 ,          i = 38        
INFO test 39              AT 2018-09-01 15:02:34.229 ,          i = 39        
INFO test 40              AT 2018-09-01 15:02:34.240 ,          i = 40        
INFO test 41              AT 2018-09-01 15:02:34.251 ,          i = 41        
INFO test 42              AT 2018-09-01 15:02:34.261 ,          i = 42        
INFO test 43              AT 2018-09-01 15:02:34.272 ,          i = 43        
INFO test 44              AT 2018-09-01 15:02:34.282 ,          i = 44        
INFO test 45              AT 2018-09-01 15:02:34.293 ,          i = 45        
INFO test 46              AT 2018-09-01 15:02:34.304 ,          i = 46        
INFO test 47              AT 2018-09-01 15:02:34.315 ,          i = 47        
INFO test 48              AT 2018-09-01 15:02:34.325 ,          i = 48        
INFO test 49              AT 2018-09-01 15:02:34.336 ,          i = 49        
INFO test 50              AT 2018-09-01 15:02:34.346 ,          i = 50        
INFO test 51              AT 2018-09-01 15:02:34.357 ,          i = 51        
INFO test 52              AT 2018-09-01 15:02:34.368 ,          i = 52        
INFO test 53              AT 2018-09-01 15:02:34.379 ,          i = 53        
INFO test 54              AT 2018-09-01 15:02:34.389 ,          i = 54        
INFO test 55              AT 2018-09-01 15:02:34.400 ,          i = 55        
INFO test 56              AT 2018-09-01 15:02:34.410 ,          i = 56        
INFO test 57              AT 2018-09-01 15:02:34.421 ,          i = 57        
INFO test 58              AT 2018-09-01 15:02:34.432 ,          i = 58        
INFO test 59              AT 2018-09-01 15:02:34.442 ,          i = 59        
INFO test 60              AT 2018-09-01 15:02:34.453 ,          i = 60        
INFO test 61              AT 2018-09-01 15:02:34.463 ,          i = 61        
INFO test 62              AT 2018-09-01 15:02:34.474 ,          i = 62        
INFO test 63              AT 2018-09-01 15:02:34.485 ,          i = 63        
INFO test 64              AT 2018-09-01 15:02:34.495 ,          i = 64        
INFO test 65              AT 2018-09-01 15:02:34.506 ,          i = 65        
INFO test 66              AT 2018-09-01 15:02:34.517 ,          i = 66        
INFO test 67              AT 2018-09-01 15:02:34.527 ,          i = 67        
INFO test 68              AT 2018-09-01 15:02:34.538 ,          i = 68        
INFO test 69              AT 2018-09-01 15:02:34.549 ,          i = 69        
INFO test 70              AT 2018-09-01 15:02:34.559 ,          i = 70        
INFO test 71              AT 2018-09-01 15:02:34.570 ,          i = 71        
INFO test 72              AT 2018-09-01 15:02:34.581 ,          i = 72        
INFO test 73              AT 2018-09-01 15:02:34.591 ,          i = 73        
INFO test 74              AT 2018-09-01 15:02:34.602 ,          i = 74        
INFO test 75              AT 2018-09-01 15:02:34.613 ,          i = 75        
INFO test 76              AT 2018-09-01 15:02:34.623 ,          i = 76        
INFO test 77              AT 2018-09-01 15:02:34.634 ,          i = 77        
INFO test 78              AT 2018-09-01 15:02:34.645 ,          i = 78        
INFO test 79              AT 2018-09-01 15:02:34.656 ,          i = 79        
INFO test 80              AT 2018-09-01 15:02:34.666 ,          i = 80        
INFO test 81              AT 2018-09-01 15:02:34.677 ,          i = 81        
INFO test 82              AT 2018-09-01 15:02:34.688 ,          i = 82        
INFO test 83              AT 2018-09-01 15:02:34.698 ,          i = 83        
INFO test 84              AT 2018-09-01 15:02:34.709 ,          i = 84        
INFO test 85              AT 2018-09-01 15:02:34.719 ,          i = 85        
INFO test 86              AT 2018-09-01 15:02:34.730 ,          i = 86        
INFO test 87              AT 2018-09-01 15:02:34.741 ,          i = 87        
INFO test 88              AT 2018-09-01 15:02:34.752 ,          i = 88        
INFO test 89              AT 2018-09-01 15:02:34.762 ,          i = 89        
INFO test 90              AT 2018-09-01 15:02:34.773 ,          i = 90        
INFO test 91              AT 2018-09-01 15:02:34.783 ,          i = 91        
INFO test 92              AT 2018-09-01 15:02:34.794 ,          i = 92        
INFO test 93              AT 2018-09-01 15:02:34.804 ,          i = 93        
INFO test 94              AT 2018-09-01 15:02:34.815 ,          i = 94        
INFO test 95              AT 2018-09-01 15:02:34.825 ,          i = 95        
INFO test 96              AT 2018-09-01 15:02:34.836 ,          i = 96        
INFO test 97              AT 2018-09-01 15:02:34.846 ,          i = 97        
INFO test 98              AT 2018-09-01 15:02:34.857 ,          i = 98        
INFO test 99              AT 2018-09-01 15:02:34.868 ,          i = 99        
